#
# There is insufficient memory for the Java Runtime Environment to continue.
# Native memory allocation (malloc) failed to allocate 1084128 bytes for Chunk::new
# Possible reasons:
#   The system is out of physical RAM or swap space
#   The process is running with CompressedOops enabled, and the Java Heap may be blocking the growth of the native heap
# Possible solutions:
#   Reduce memory load on the system
#   Increase physical memory or swap space
#   Check if swap backing store is full
#   Decrease Java heap size (-Xmx/-Xms)
#   Decrease number of Java threads
#   Decrease Java thread stack sizes (-Xss)
#   Set larger code cache with -XX:ReservedCodeCacheSize=
#   JVM is running with Unscaled Compressed Oops mode in which the Java heap is
#     placed in the first 4GB address space. The Java Heap base address is the
#     maximum limit for the native heap growth. Please use -XX:HeapBaseMinAddress
#     to set the Java Heap base and to place the Java Heap above 4GB virtual address.
# This output file may be truncated or incomplete.
#
#  Out of Memory Error (./open/src/hotspot/share/memory/arena.cpp:195), pid=7520, tid=7956
#
# JRE version: Java(TM) SE Runtime Environment (14.0.1+7) (build 14.0.1+7)
# Java VM: Java HotSpot(TM) 64-Bit Server VM (14.0.1+7, mixed mode, sharing, tiered, compressed oops, g1 gc, windows-amd64)
# No core dump will be written. Minidumps are not enabled by default on client versions of Windows
#

---------------  S U M M A R Y ------------

Command Line: -ea org.apache.tools.ant.taskdefs.optional.junit.JUnitTestRunner dao.TournamentDAOTest skipNonTests=false filtertrace=true haltOnError=false haltOnFailure=false showoutput=true outputtoformatters=true logfailedtests=true threadid=0 logtestlistenerevents=true formatter=org.apache.tools.ant.taskdefs.optional.junit.BriefJUnitResultFormatter formatter=org.apache.tools.ant.taskdefs.optional.junit.XMLJUnitResultFormatter,C:\Users\Administrator\Documents\NetBeansProjects\LTM.minesweepergame\build\test\results\TEST-dao.TournamentDAOTest.xml crashfile=C:\Users\Administrator\Documents\NetBeansProjects\LTM.minesweepergame\build\junitvmwatcher2642426326035606944.properties propsfile=C:\Users\Administrator\Documents\NetBeansProjects\LTM.minesweepergame\build\junit11815939702227989041.properties

Host: Intel(R) Core(TM) i5-2520M CPU @ 2.50GHz, 4 cores, 3G,  Windows 10 , 64 bit Build 19041 (10.0.19041.1202)
Time: Fri Sep 24 19:27:51 2021 SE Asia Standard Time elapsed time: 3 seconds (0d 0h 0m 3s)

---------------  T H R E A D  ---------------

Current thread (0x00000283ca8af000):  JavaThread "C2 CompilerThread1" daemon [_thread_in_native, id=7956, stack(0x0000009288000000,0x0000009288100000)]


Current CompileTask:
C2:   3960 2572       4       java.util.TreeMap::put (247 bytes)

Stack: [0x0000009288000000,0x0000009288100000]
Native frames: (J=compiled Java code, j=interpreted, Vv=VM code, C=native code)
V  [jvm.dll+0x5f840a]
V  [jvm.dll+0x741e4a]
V  [jvm.dll+0x7435ff]
V  [jvm.dll+0x743c43]
V  [jvm.dll+0x20d288]
V  [jvm.dll+0xabb07]
V  [jvm.dll+0xac1fc]
V  [jvm.dll+0x31c4c5]
V  [jvm.dll+0x2e6b48]
V  [jvm.dll+0x2e5f4a]
V  [jvm.dll+0x1e5e16]
V  [jvm.dll+0x1e50b8]
V  [jvm.dll+0x1779cc]
V  [jvm.dll+0x1f4105]
V  [jvm.dll+0x1f22eb]
V  [jvm.dll+0x706a9d]
V  [jvm.dll+0x6ff8ba]
V  [jvm.dll+0x5f72c6]
C  [ucrtbase.dll+0x21bb2]
C  [KERNEL32.DLL+0x17034]
C  [ntdll.dll+0x52651]


---------------  P R O C E S S  ---------------

Threads class SMR info:
_java_thread_list=0x00000283cc7d2250, length=14, elements={
0x00000283ad343800, 0x00000283c94df000, 0x00000283c94e1800, 0x00000283c9500000,
0x00000283c9503000, 0x00000283c9505800, 0x00000283c9507800, 0x00000283c950e000,
0x00000283c9515800, 0x00000283c9f59800, 0x00000283c9f5c800, 0x00000283cae96800,
0x00000283cb23f000, 0x00000283ca8af000
}

Java Threads: ( => current thread )
  0x00000283ad343800 JavaThread "main" [_thread_in_native, id=456, stack(0x0000009286c00000,0x0000009286d00000)]
  0x00000283c94df000 JavaThread "Reference Handler" daemon [_thread_blocked, id=3252, stack(0x0000009287300000,0x0000009287400000)]
  0x00000283c94e1800 JavaThread "Finalizer" daemon [_thread_blocked, id=8880, stack(0x0000009287400000,0x0000009287500000)]
  0x00000283c9500000 JavaThread "Signal Dispatcher" daemon [_thread_blocked, id=5036, stack(0x0000009287500000,0x0000009287600000)]
  0x00000283c9503000 JavaThread "Attach Listener" daemon [_thread_blocked, id=1088, stack(0x0000009287600000,0x0000009287700000)]
  0x00000283c9505800 JavaThread "Service Thread" daemon [_thread_blocked, id=7652, stack(0x0000009287700000,0x0000009287800000)]
  0x00000283c9507800 JavaThread "C2 CompilerThread0" daemon [_thread_blocked, id=3164, stack(0x0000009287800000,0x0000009287900000)]
  0x00000283c950e000 JavaThread "C1 CompilerThread0" daemon [_thread_blocked, id=10128, stack(0x0000009287900000,0x0000009287a00000)]
  0x00000283c9515800 JavaThread "Sweeper thread" daemon [_thread_blocked, id=7240, stack(0x0000009287a00000,0x0000009287b00000)]
  0x00000283c9f59800 JavaThread "Notification Thread" daemon [_thread_blocked, id=8908, stack(0x0000009287b00000,0x0000009287c00000)]
  0x00000283c9f5c800 JavaThread "Common-Cleaner" daemon [_thread_blocked, id=1060, stack(0x0000009287d00000,0x0000009287e00000)]
  0x00000283cae96800 JavaThread "mysql-cj-abandoned-connection-cleanup" daemon [_thread_blocked, id=2332, stack(0x0000009288100000,0x0000009288200000)]
  0x00000283cb23f000 JavaThread "pool-1-thread-1" [_thread_blocked, id=4428, stack(0x0000009288200000,0x0000009288300000)]
=>0x00000283ca8af000 JavaThread "C2 CompilerThread1" daemon [_thread_in_native, id=7956, stack(0x0000009288000000,0x0000009288100000)]

Other Threads:
  0x00000283ad41b800 VMThread "VM Thread" [stack: 0x0000009287200000,0x0000009287300000] [id=5020]
  0x00000283c9f5b000 WatcherThread [stack: 0x0000009287c00000,0x0000009287d00000] [id=6388]
  0x00000283ad370800 GCTaskThread "GC Thread#0" [stack: 0x0000009286d00000,0x0000009286e00000] [id=716]
  0x00000283ca4f4000 GCTaskThread "GC Thread#1" [stack: 0x0000009287e00000,0x0000009287f00000] [id=3288]
  0x00000283cb8b0800 GCTaskThread "GC Thread#2" [stack: 0x0000009288300000,0x0000009288400000] [id=6040]
  0x00000283cbbda800 GCTaskThread "GC Thread#3" [stack: 0x0000009288400000,0x0000009288500000] [id=2756]
  0x00000283ad37a800 ConcurrentGCThread "G1 Main Marker" [stack: 0x0000009286e00000,0x0000009286f00000] [id=7124]
  0x00000283ad37e800 ConcurrentGCThread "G1 Conc#0" [stack: 0x0000009286f00000,0x0000009287000000] [id=6516]
  0x00000283ad3d1800 ConcurrentGCThread "G1 Refine#0" [stack: 0x0000009287000000,0x0000009287100000] [id=2716]
  0x00000283ca0cf800 ConcurrentGCThread "G1 Refine#1" [stack: 0x0000009287f00000,0x0000009288000000] [id=1488]
  0x00000283ad3d3000 ConcurrentGCThread "G1 Young RemSet Sampling" [stack: 0x0000009287100000,0x0000009287200000] [id=7548]

Threads with active compile tasks:
C2 CompilerThread1     4029 2572       4       java.util.TreeMap::put (247 bytes)

VM state:not at safepoint (normal execution)

VM Mutex/Monitor currently owned by a thread: None

Heap address: 0x00000000c1000000, size: 1008 MB, Compressed Oops mode: 32-bit
Narrow klass base: 0x0000000800000000, Narrow klass shift: 3
Compressed class space size: 1073741824 Address: 0x0000000800b30000

Heap:
 garbage-first heap   total 49152K, used 21598K [0x00000000c1000000, 0x0000000100000000)
  region size 1024K, 13 young (13312K), 2 survivors (2048K)
 Metaspace       used 27133K, capacity 27585K, committed 27648K, reserved 1073152K
  class space    used 3402K, capacity 3554K, committed 3584K, reserved 1048576K
Heap Regions: E=young(eden), S=young(survivor), O=old, HS=humongous(starts), HC=humongous(continues), CS=collection set, F=free, OA=open archive, CA=closed archive, TAMS=top-at-mark-start (previous, next)
|   0|0x00000000c1000000, 0x00000000c1100000, 0x00000000c1100000|100%| O|  |TAMS 0x00000000c1100000, 0x00000000c1000000| Untracked 
|   1|0x00000000c1100000, 0x00000000c1200000, 0x00000000c1200000|100%| O|  |TAMS 0x00000000c1200000, 0x00000000c1100000| Untracked 
|   2|0x00000000c1200000, 0x00000000c1300000, 0x00000000c1300000|100%| O|  |TAMS 0x00000000c1300000, 0x00000000c1200000| Untracked 
|   3|0x00000000c1300000, 0x00000000c1400000, 0x00000000c1400000|100%| O|  |TAMS 0x00000000c1400000, 0x00000000c1300000| Untracked 
|   4|0x00000000c1400000, 0x00000000c1500000, 0x00000000c1500000|100%| O|  |TAMS 0x00000000c144c200, 0x00000000c1400000| Untracked 
|   5|0x00000000c1500000, 0x00000000c1600000, 0x00000000c1600000|100%| O|  |TAMS 0x00000000c1500000, 0x00000000c1500000| Untracked 
|   6|0x00000000c1600000, 0x00000000c1700000, 0x00000000c1700000|100%| O|  |TAMS 0x00000000c1600000, 0x00000000c1600000| Untracked 
|   7|0x00000000c1700000, 0x00000000c1800000, 0x00000000c1800000|100%| O|  |TAMS 0x00000000c1700000, 0x00000000c1700000| Untracked 
|   8|0x00000000c1800000, 0x00000000c1900000, 0x00000000c1900000|100%| O|  |TAMS 0x00000000c1800000, 0x00000000c1800000| Untracked 
|   9|0x00000000c1900000, 0x00000000c1921e00, 0x00000000c1a00000| 13%| O|  |TAMS 0x00000000c1900000, 0x00000000c1900000| Untracked 
|  10|0x00000000c1a00000, 0x00000000c1a00000, 0x00000000c1b00000|  0%| F|  |TAMS 0x00000000c1a00000, 0x00000000c1a00000| Untracked 
|  11|0x00000000c1b00000, 0x00000000c1b00000, 0x00000000c1c00000|  0%| F|  |TAMS 0x00000000c1b00000, 0x00000000c1b00000| Untracked 
|  12|0x00000000c1c00000, 0x00000000c1c00000, 0x00000000c1d00000|  0%| F|  |TAMS 0x00000000c1c00000, 0x00000000c1c00000| Untracked 
|  13|0x00000000c1d00000, 0x00000000c1d00000, 0x00000000c1e00000|  0%| F|  |TAMS 0x00000000c1d00000, 0x00000000c1d00000| Untracked 
|  14|0x00000000c1e00000, 0x00000000c1ef5d20, 0x00000000c1f00000| 96%| S|CS|TAMS 0x00000000c1e00000, 0x00000000c1e00000| Complete 
|  15|0x00000000c1f00000, 0x00000000c2000000, 0x00000000c2000000|100%| S|CS|TAMS 0x00000000c1f00000, 0x00000000c1f00000| Complete 
|  16|0x00000000c2000000, 0x00000000c2000000, 0x00000000c2100000|  0%| F|  |TAMS 0x00000000c2000000, 0x00000000c2000000| Untracked 
|  17|0x00000000c2100000, 0x00000000c2100000, 0x00000000c2200000|  0%| F|  |TAMS 0x00000000c2100000, 0x00000000c2100000| Untracked 
|  18|0x00000000c2200000, 0x00000000c2200000, 0x00000000c2300000|  0%| F|  |TAMS 0x00000000c2200000, 0x00000000c2200000| Untracked 
|  19|0x00000000c2300000, 0x00000000c2300000, 0x00000000c2400000|  0%| F|  |TAMS 0x00000000c2300000, 0x00000000c2300000| Untracked 
|  20|0x00000000c2400000, 0x00000000c2400000, 0x00000000c2500000|  0%| F|  |TAMS 0x00000000c2400000, 0x00000000c2400000| Untracked 
|  21|0x00000000c2500000, 0x00000000c2500000, 0x00000000c2600000|  0%| F|  |TAMS 0x00000000c2500000, 0x00000000c2500000| Untracked 
|  22|0x00000000c2600000, 0x00000000c2600000, 0x00000000c2700000|  0%| F|  |TAMS 0x00000000c2600000, 0x00000000c2600000| Untracked 
|  23|0x00000000c2700000, 0x00000000c2700000, 0x00000000c2800000|  0%| F|  |TAMS 0x00000000c2700000, 0x00000000c2700000| Untracked 
|  24|0x00000000c2800000, 0x00000000c2800000, 0x00000000c2900000|  0%| F|  |TAMS 0x00000000c2800000, 0x00000000c2800000| Untracked 
|  25|0x00000000c2900000, 0x00000000c2900000, 0x00000000c2a00000|  0%| F|  |TAMS 0x00000000c2900000, 0x00000000c2900000| Untracked 
|  26|0x00000000c2a00000, 0x00000000c2a00000, 0x00000000c2b00000|  0%| F|  |TAMS 0x00000000c2a00000, 0x00000000c2a00000| Untracked 
|  27|0x00000000c2b00000, 0x00000000c2b00000, 0x00000000c2c00000|  0%| F|  |TAMS 0x00000000c2b00000, 0x00000000c2b00000| Untracked 
|  28|0x00000000c2c00000, 0x00000000c2c00000, 0x00000000c2d00000|  0%| F|  |TAMS 0x00000000c2c00000, 0x00000000c2c00000| Untracked 
|  29|0x00000000c2d00000, 0x00000000c2d00000, 0x00000000c2e00000|  0%| F|  |TAMS 0x00000000c2d00000, 0x00000000c2d00000| Untracked 
|  30|0x00000000c2e00000, 0x00000000c2e00000, 0x00000000c2f00000|  0%| F|  |TAMS 0x00000000c2e00000, 0x00000000c2e00000| Untracked 
|  31|0x00000000c2f00000, 0x00000000c2f00000, 0x00000000c3000000|  0%| F|  |TAMS 0x00000000c2f00000, 0x00000000c2f00000| Untracked 
|  32|0x00000000c3000000, 0x00000000c3000000, 0x00000000c3100000|  0%| F|  |TAMS 0x00000000c3000000, 0x00000000c3000000| Untracked 
|  33|0x00000000c3100000, 0x00000000c3100000, 0x00000000c3200000|  0%| F|  |TAMS 0x00000000c3100000, 0x00000000c3100000| Untracked 
|  34|0x00000000c3200000, 0x00000000c3200000, 0x00000000c3300000|  0%| F|  |TAMS 0x00000000c3200000, 0x00000000c3200000| Untracked 
|  35|0x00000000c3300000, 0x00000000c3300000, 0x00000000c3400000|  0%| F|  |TAMS 0x00000000c3300000, 0x00000000c3300000| Untracked 
|  36|0x00000000c3400000, 0x00000000c3400000, 0x00000000c3500000|  0%| F|  |TAMS 0x00000000c3400000, 0x00000000c3400000| Untracked 
|  37|0x00000000c3500000, 0x00000000c35f3e68, 0x00000000c3600000| 95%| E|  |TAMS 0x00000000c3500000, 0x00000000c3500000| Complete 
|  38|0x00000000c3600000, 0x00000000c3700000, 0x00000000c3700000|100%| E|CS|TAMS 0x00000000c3600000, 0x00000000c3600000| Complete 
|  39|0x00000000c3700000, 0x00000000c3800000, 0x00000000c3800000|100%| E|CS|TAMS 0x00000000c3700000, 0x00000000c3700000| Complete 
|  40|0x00000000c3800000, 0x00000000c3900000, 0x00000000c3900000|100%| E|CS|TAMS 0x00000000c3800000, 0x00000000c3800000| Complete 
|  41|0x00000000c3900000, 0x00000000c3a00000, 0x00000000c3a00000|100%| E|CS|TAMS 0x00000000c3900000, 0x00000000c3900000| Complete 
|  42|0x00000000c3a00000, 0x00000000c3b00000, 0x00000000c3b00000|100%| E|CS|TAMS 0x00000000c3a00000, 0x00000000c3a00000| Complete 
|  43|0x00000000c3b00000, 0x00000000c3c00000, 0x00000000c3c00000|100%| E|CS|TAMS 0x00000000c3b00000, 0x00000000c3b00000| Complete 
|  44|0x00000000c3c00000, 0x00000000c3d00000, 0x00000000c3d00000|100%| E|CS|TAMS 0x00000000c3c00000, 0x00000000c3c00000| Complete 
|  45|0x00000000c3d00000, 0x00000000c3e00000, 0x00000000c3e00000|100%| E|CS|TAMS 0x00000000c3d00000, 0x00000000c3d00000| Complete 
|  60|0x00000000c4c00000, 0x00000000c4d00000, 0x00000000c4d00000|100%| E|CS|TAMS 0x00000000c4c00000, 0x00000000c4c00000| Complete 
|  63|0x00000000c4f00000, 0x00000000c5000000, 0x00000000c5000000|100%| E|CS|TAMS 0x00000000c4f00000, 0x00000000c4f00000| Complete 

Card table byte_map: [0x00000283c4cf0000,0x00000283c4ef0000] _byte_map_base: 0x00000283c46e8000

Marking Bits (Prev, Next): (CMBitMap*) 0x00000283ad372008, (CMBitMap*) 0x00000283ad371fc8
 Prev Bits: [0x00000283c60b0000, 0x00000283c7070000)
 Next Bits: [0x00000283c50f0000, 0x00000283c60b0000)

Polling page: 0x00000283ab200000

Metaspace:

Usage:
  Non-class:     23.47 MB capacity,    23.17 MB ( 99%) used,   258.50 KB (  1%) free+waste,    41.50 KB ( <1%) overhead. 
      Class:      3.47 MB capacity,     3.32 MB ( 96%) used,   132.25 KB (  4%) free+waste,    19.19 KB ( <1%) overhead. 
       Both:     26.94 MB capacity,    26.50 MB ( 98%) used,   390.75 KB (  1%) free+waste,    60.69 KB ( <1%) overhead. 

Virtual space:
  Non-class space:       24.00 MB reserved,      23.50 MB ( 98%) committed 
      Class space:        1.00 GB reserved,       3.50 MB ( <1%) committed 
             Both:        1.02 GB reserved,      27.00 MB (  3%) committed 

Chunk freelists:
   Non-Class:  33.00 KB
       Class:  30.00 KB
        Both:  63.00 KB

MaxMetaspaceSize: 17179869184.00 GB
CompressedClassSpaceSize: 1.00 GB

CodeHeap 'non-profiled nmethods': size=120000Kb used=1311Kb max_used=1311Kb free=118688Kb
 bounds [0x00000283bd5c0000, 0x00000283bd830000, 0x00000283c4af0000]
CodeHeap 'profiled nmethods': size=120000Kb used=5459Kb max_used=5459Kb free=114540Kb
 bounds [0x00000283b6090000, 0x00000283b65f0000, 0x00000283bd5c0000]
CodeHeap 'non-nmethods': size=5760Kb used=1311Kb max_used=1354Kb free=4448Kb
 bounds [0x00000283b5af0000, 0x00000283b5d60000, 0x00000283b6090000]
 total_blobs=4064 nmethods=2654 adapters=512
 compilation: enabled
              stopped_count=0, restarted_count=0
 full_count=0

Compilation events (20 events):
Event: 3.894 Thread 0x00000283c950e000 nmethod 2640 0x00000283b65d7e10 code [0x00000283b65d8060, 0x00000283b65d8c28]
Event: 3.894 Thread 0x00000283c950e000 2641       3       org.hibernate.annotations.common.reflection.java.JavaReflectionManager$MemberKey::<init> (7 bytes)
Event: 3.895 Thread 0x00000283c950e000 nmethod 2641 0x00000283b65d9090 code [0x00000283b65d9280, 0x00000283b65d9878]
Event: 3.895 Thread 0x00000283c950e000 2642       3       java.lang.reflect.Field::<init> (44 bytes)
Event: 3.895 Thread 0x00000283c950e000 nmethod 2642 0x00000283b65d9a90 code [0x00000283b65d9c40, 0x00000283b65da018]
Event: 3.895 Thread 0x00000283c950e000 2643       3       java.lang.reflect.Field::getGenericType (20 bytes)
Event: 3.897 Thread 0x00000283c950e000 nmethod 2643 0x00000283b65da110 code [0x00000283b65da400, 0x00000283b65db928]
Event: 3.897 Thread 0x00000283c950e000 2644       3       java.lang.Class::getInterfaces (6 bytes)
Event: 3.897 Thread 0x00000283c950e000 nmethod 2644 0x00000283b65dbf90 code [0x00000283b65dc140, 0x00000283b65dc288]
Event: 3.900 Thread 0x00000283c950e000 2645       3       java.lang.invoke.MethodHandleNatives::canBeCalledVirtual (94 bytes)
Event: 3.901 Thread 0x00000283c950e000 nmethod 2645 0x00000283b65dc310 code [0x00000283b65dc520, 0x00000283b65dca98]
Event: 3.907 Thread 0x00000283c950e000 2646       3       java.lang.AbstractStringBuilder::append (45 bytes)
Event: 3.907 Thread 0x00000283c950e000 nmethod 2646 0x00000283b65dcc90 code [0x00000283b65dcea0, 0x00000283b65dd3d8]
Event: 3.907 Thread 0x00000283c950e000 2647       2       java.lang.AbstractStringBuilder::putStringAt (29 bytes)
Event: 3.908 Thread 0x00000283c950e000 nmethod 2647 0x00000283b65dd610 code [0x00000283b65dd7c0, 0x00000283b65dd958]
Event: 3.937 Thread 0x00000283c9507800 nmethod 2571 0x00000283bd6fbc90 code [0x00000283bd6fc9e0, 0x00000283bd702ce0]
Event: 3.937 Thread 0x00000283c9507800 2617       4       java.util.HashMap$HashIterator::hasNext (13 bytes)
Event: 3.938 Thread 0x00000283c9507800 nmethod 2617 0x00000283bd706a10 code [0x00000283bd706b80, 0x00000283bd706bf8]
Event: 3.938 Thread 0x00000283c9507800 2628       4       jdk.internal.reflect.ByteVectorImpl::getLength (7 bytes)
Event: 3.938 Thread 0x00000283c9507800 nmethod 2628 0x00000283bd706d10 code [0x00000283bd706e80, 0x00000283bd706ef8]

GC Heap History (12 events):
Event: 0.685 GC heap before
{Heap before GC invocations=0 (full 0):
 garbage-first heap   total 65536K, used 12288K [0x00000000c1000000, 0x0000000100000000)
  region size 1024K, 13 young (13312K), 0 survivors (0K)
 Metaspace       used 3614K, capacity 5426K, committed 5760K, reserved 1056768K
  class space    used 391K, capacity 560K, committed 640K, reserved 1048576K
}
Event: 0.693 GC heap after
{Heap after GC invocations=1 (full 0):
 garbage-first heap   total 65536K, used 4654K [0x00000000c1000000, 0x0000000100000000)
  region size 1024K, 2 young (2048K), 2 survivors (2048K)
 Metaspace       used 3614K, capacity 5426K, committed 5760K, reserved 1056768K
  class space    used 391K, capacity 560K, committed 640K, reserved 1048576K
}
Event: 0.700 GC heap before
{Heap before GC invocations=1 (full 0):
 garbage-first heap   total 65536K, used 16942K [0x00000000c1000000, 0x0000000100000000)
  region size 1024K, 15 young (15360K), 2 survivors (2048K)
 Metaspace       used 3615K, capacity 5426K, committed 5760K, reserved 1056768K
  class space    used 391K, capacity 560K, committed 640K, reserved 1048576K
}
Event: 0.704 GC heap after
{Heap after GC invocations=2 (full 0):
 garbage-first heap   total 65536K, used 4444K [0x00000000c1000000, 0x0000000100000000)
  region size 1024K, 1 young (1024K), 1 survivors (1024K)
 Metaspace       used 3615K, capacity 5426K, committed 5760K, reserved 1056768K
  class space    used 391K, capacity 560K, committed 640K, reserved 1048576K
}
Event: 1.051 GC heap before
{Heap before GC invocations=2 (full 0):
 garbage-first heap   total 65536K, used 25948K [0x00000000c1000000, 0x0000000100000000)
  region size 1024K, 23 young (23552K), 1 survivors (1024K)
 Metaspace       used 7022K, capacity 7987K, committed 8192K, reserved 1056768K
  class space    used 829K, capacity 947K, committed 1024K, reserved 1048576K
}
Event: 1.054 GC heap after
{Heap after GC invocations=3 (full 0):
 garbage-first heap   total 65536K, used 5492K [0x00000000c1000000, 0x0000000100000000)
  region size 1024K, 2 young (2048K), 2 survivors (2048K)
 Metaspace       used 7022K, capacity 7987K, committed 8192K, reserved 1056768K
  class space    used 829K, capacity 947K, committed 1024K, reserved 1048576K
}
Event: 2.234 GC heap before
{Heap before GC invocations=3 (full 0):
 garbage-first heap   total 65536K, used 42356K [0x00000000c1000000, 0x0000000100000000)
  region size 1024K, 38 young (38912K), 2 survivors (2048K)
 Metaspace       used 20291K, capacity 20659K, committed 20992K, reserved 1067008K
  class space    used 2574K, capacity 2694K, committed 2816K, reserved 1048576K
}
Event: 2.245 GC heap after
{Heap after GC invocations=4 (full 0):
 garbage-first heap   total 65536K, used 9397K [0x00000000c1000000, 0x0000000100000000)
  region size 1024K, 5 young (5120K), 5 survivors (5120K)
 Metaspace       used 20291K, capacity 20659K, committed 20992K, reserved 1067008K
  class space    used 2574K, capacity 2694K, committed 2816K, reserved 1048576K
}
Event: 2.302 GC heap before
{Heap before GC invocations=4 (full 0):
 garbage-first heap   total 65536K, used 11445K [0x00000000c1000000, 0x0000000100000000)
  region size 1024K, 8 young (8192K), 5 survivors (5120K)
 Metaspace       used 20816K, capacity 21171K, committed 21248K, reserved 1067008K
  class space    used 2635K, capacity 2758K, committed 2816K, reserved 1048576K
}
Event: 2.310 GC heap after
{Heap after GC invocations=5 (full 0):
 garbage-first heap   total 65536K, used 10010K [0x00000000c1000000, 0x0000000100000000)
  region size 1024K, 1 young (1024K), 1 survivors (1024K)
 Metaspace       used 20816K, capacity 21171K, committed 21248K, reserved 1067008K
  class space    used 2635K, capacity 2758K, committed 2816K, reserved 1048576K
}
Event: 3.548 GC heap before
{Heap before GC invocations=6 (full 0):
 garbage-first heap   total 40960K, used 33562K [0x00000000c1000000, 0x0000000100000000)
  region size 1024K, 24 young (24576K), 1 survivors (1024K)
 Metaspace       used 24674K, capacity 25069K, committed 25344K, reserved 1071104K
  class space    used 3115K, capacity 3248K, committed 3328K, reserved 1048576K
}
Event: 3.553 GC heap after
{Heap after GC invocations=7 (full 0):
 garbage-first heap   total 49152K, used 11358K [0x00000000c1000000, 0x0000000100000000)
  region size 1024K, 2 young (2048K), 2 survivors (2048K)
 Metaspace       used 24674K, capacity 25069K, committed 25344K, reserved 1071104K
  class space    used 3115K, capacity 3248K, committed 3328K, reserved 1048576K
}

Deoptimization events (20 events):
Event: 3.740 Thread 0x00000283ad343800 DEOPT PACKING pc=0x00000283b658f469 sp=0x0000009286cfcbd0
Event: 3.740 Thread 0x00000283ad343800 DEOPT UNPACKING pc=0x00000283b5b3964e sp=0x0000009286cfc210 mode 0
Event: 3.754 Thread 0x00000283ad343800 DEOPT PACKING pc=0x00000283b658f469 sp=0x0000009286cfcbd0
Event: 3.754 Thread 0x00000283ad343800 DEOPT UNPACKING pc=0x00000283b5b3964e sp=0x0000009286cfc210 mode 0
Event: 3.766 Thread 0x00000283ad343800 DEOPT PACKING pc=0x00000283b658f469 sp=0x0000009286cfcf60
Event: 3.766 Thread 0x00000283ad343800 DEOPT UNPACKING pc=0x00000283b5b3964e sp=0x0000009286cfc5a0 mode 0
Event: 3.782 Thread 0x00000283ad343800 DEOPT PACKING pc=0x00000283b658f469 sp=0x0000009286cfcbd0
Event: 3.782 Thread 0x00000283ad343800 DEOPT UNPACKING pc=0x00000283b5b3964e sp=0x0000009286cfc210 mode 0
Event: 3.794 Thread 0x00000283ad343800 DEOPT PACKING pc=0x00000283b658f469 sp=0x0000009286cfcbd0
Event: 3.794 Thread 0x00000283ad343800 DEOPT UNPACKING pc=0x00000283b5b3964e sp=0x0000009286cfc210 mode 0
Event: 3.805 Thread 0x00000283ad343800 DEOPT PACKING pc=0x00000283b658f469 sp=0x0000009286cfcbd0
Event: 3.805 Thread 0x00000283ad343800 DEOPT UNPACKING pc=0x00000283b5b3964e sp=0x0000009286cfc210 mode 0
Event: 3.898 Thread 0x00000283ad343800 Uncommon trap: trap_request=0xffffff45 fr.pc=0x00000283bd5fda04 relative=0x00000000000006e4
Event: 3.898 Thread 0x00000283ad343800 Uncommon trap: reason=unstable_if action=reinterpret pc=0x00000283bd5fda04 method=java.lang.AbstractStringBuilder.append(Ljava/lang/String;)Ljava/lang/AbstractStringBuilder; @ 1 c2
Event: 3.898 Thread 0x00000283ad343800 DEOPT PACKING pc=0x00000283bd5fda04 sp=0x0000009286cfd790
Event: 3.898 Thread 0x00000283ad343800 DEOPT UNPACKING pc=0x00000283b5b3912f sp=0x0000009286cfd720 mode 2
Event: 3.904 Thread 0x00000283ad343800 Uncommon trap: trap_request=0xffffff45 fr.pc=0x00000283bd5fc530 relative=0x0000000000000710
Event: 3.904 Thread 0x00000283ad343800 Uncommon trap: reason=unstable_if action=reinterpret pc=0x00000283bd5fc530 method=java.lang.AbstractStringBuilder.append(Ljava/lang/String;)Ljava/lang/AbstractStringBuilder; @ 1 c2
Event: 3.904 Thread 0x00000283ad343800 DEOPT PACKING pc=0x00000283bd5fc530 sp=0x0000009286cfd6c0
Event: 3.904 Thread 0x00000283ad343800 DEOPT UNPACKING pc=0x00000283b5b3912f sp=0x0000009286cfd6a8 mode 2

Classes unloaded (0 events):
No events

Classes redefined (0 events):
No events

Internal exceptions (16 events):
Event: 0.266 Thread 0x00000283ad343800 Exception <a 'java/lang/NoSuchMethodError'{0x00000000c4bbd8b0}: 'java.lang.Object java.lang.invoke.DirectMethodHandle$Holder.invokeVirtual(java.lang.Object, java.lang.Object, java.lang.Object, java.lang.Object)'> (0x00000000c4bbd8b0) 
thrown [./open/src/hotspot/share/interpreter/linkResolver.cpp, line 766]
Event: 0.442 Thread 0x00000283ad343800 Exception <a 'java/lang/IncompatibleClassChangeError'{0x00000000c480ef00}: Found class java.lang.Object, but interface was expected> (0x00000000c480ef00) 
thrown [./open/src/hotspot/share/interpreter/linkResolver.cpp, line 832]
Event: 0.663 Thread 0x00000283ad343800 Exception <a 'java/lang/NoSuchMethodError'{0x00000000c46547e8}: 'int java.lang.invoke.DirectMethodHandle$Holder.invokeSpecialIFC(java.lang.Object, java.lang.Object, int)'> (0x00000000c46547e8) 
thrown [./open/src/hotspot/share/interpreter/linkResolver.cpp, line 766]
Event: 0.763 Thread 0x00000283ad343800 Exception <a 'java/lang/NoSuchMethodError'{0x00000000c43cd4b0}: 'void java.lang.invoke.DelegatingMethodHandle$Holder.delegate(java.lang.Object, java.lang.Object, int, java.lang.Object)'> (0x00000000c43cd4b0) 
thrown [./open/src/hotspot/share/interpreter/linkResolver.cpp, line 766]
Event: 0.765 Thread 0x00000283ad343800 Exception <a 'java/lang/NoSuchMethodError'{0x00000000c43d4340}: 'java.lang.Object java.lang.invoke.DirectMethodHandle$Holder.invokeStaticInit(java.lang.Object, java.lang.Object, java.lang.Object)'> (0x00000000c43d4340) 
thrown [./open/src/hotspot/share/interpreter/linkResolver.cpp, line 766]
Event: 1.058 Thread 0x00000283ad343800 Exception <a 'java/lang/NullPointerException'{0x00000000c4f6b660}> (0x00000000c4f6b660) 
thrown [./open/src/hotspot/share/interpreter/linkResolver.cpp, line 1431]
Event: 1.315 Thread 0x00000283ad343800 Exception <a 'java/lang/ClassNotFoundException'{0x00000000c48750c8}: com/sun/org/apache/xerces/internal/impl/xpath/regex/spi/messageProvider> (0x00000000c48750c8) 
thrown [./open/src/hotspot/share/classfile/systemDictionary.cpp, line 226]
Event: 1.526 Thread 0x00000283ad343800 Exception <a 'java/lang/NoSuchMethodError'{0x00000000c41a86b0}: 'void java.lang.invoke.DirectMethodHandle$Holder.invokeSpecial(java.lang.Object, java.lang.Object, java.lang.Object, java.lang.Object)'> (0x00000000c41a86b0) 
thrown [./open/src/hotspot/share/interpreter/linkResolver.cpp, line 766]
Event: 1.528 Thread 0x00000283ad343800 Exception <a 'java/lang/NoSuchMethodError'{0x00000000c41af038}: 'java.lang.Object java.lang.invoke.DirectMethodHandle$Holder.invokeVirtual(java.lang.Object, java.lang.Object, java.lang.Object)'> (0x00000000c41af038) 
thrown [./open/src/hotspot/share/interpreter/linkResolver.cpp, line 766]
Event: 1.886 Thread 0x00000283ad343800 Exception <a 'java/lang/NoSuchMethodError'{0x00000000c3444d58}: 'java.lang.Object java.lang.invoke.DirectMethodHandle$Holder.invokeStaticInit(java.lang.Object, int, int, int, int)'> (0x00000000c3444d58) 
thrown [./open/src/hotspot/share/interpreter/linkResolver.cpp, line 766]
Event: 1.917 Thread 0x00000283ad343800 Exception <a 'java/lang/NoSuchMethodError'{0x00000000c34823f8}: 'java.lang.Object java.lang.invoke.DirectMethodHandle$Holder.invokeStaticInit(java.lang.Object, java.lang.Object, int, int, int, int)'> (0x00000000c34823f8) 
thrown [./open/src/hotspot/share/interpreter/linkResolver.cpp, line 766]
Event: 2.342 Thread 0x00000283ad343800 Exception <a 'java/lang/NoSuchMethodError'{0x00000000c4fbff38}: 'void java.lang.invoke.DirectMethodHandle$Holder.invokeSpecial(java.lang.Object, java.lang.Object, java.lang.Object, java.lang.Object, java.lang.Object)'> (0x00000000c4fbff38) 
thrown [./open/src/hotspot/share/interpreter/linkResolver.cpp, line 766]
Event: 2.544 Thread 0x00000283ad343800 Exception <a 'java/lang/NoSuchMethodError'{0x00000000c2d6a1d8}: 'void java.lang.invoke.DirectMethodHandle$Holder.invokeInterface(java.lang.Object, java.lang.Object)'> (0x00000000c2d6a1d8) 
thrown [./open/src/hotspot/share/interpreter/linkResolver.cpp, line 766]
Event: 3.846 Thread 0x00000283ad343800 Exception <a 'java/lang/NoSuchMethodError'{0x00000000c3b71a70}: 'java.lang.Object java.lang.invoke.DirectMethodHandle$Holder.invokeInterface(java.lang.Object, java.lang.Object, java.lang.Object)'> (0x00000000c3b71a70) 
thrown [./open/src/hotspot/share/interpreter/linkResolver.cpp, line 766]
Event: 3.898 Thread 0x00000283ad343800 Implicit null exception at 0x00000283bd5fd367 to 0x00000283bd5fd9f0
Event: 3.904 Thread 0x00000283ad343800 Implicit null exception at 0x00000283bd5fbe64 to 0x00000283bd5fc51c

Events (20 events):
Event: 3.557 loading class java/util/stream/MatchOps$MatchKind done
Event: 3.557 loading class java/util/stream/MatchOps
Event: 3.557 loading class java/util/stream/MatchOps done
Event: 3.557 loading class java/util/stream/MatchOps$MatchOp
Event: 3.557 loading class java/util/stream/MatchOps$MatchOp done
Event: 3.557 loading class java/util/stream/MatchOps$BooleanTerminalSink
Event: 3.557 loading class java/util/stream/MatchOps$BooleanTerminalSink done
Event: 3.558 loading class java/util/stream/MatchOps$1MatchSink
Event: 3.558 loading class java/util/stream/MatchOps$1MatchSink done
Event: 3.814 loading class java/util/concurrent/CompletableFuture$UniApply
Event: 3.814 loading class java/util/concurrent/CompletableFuture$UniCompletion
Event: 3.814 loading class java/util/concurrent/CompletableFuture$UniCompletion done
Event: 3.814 loading class java/util/concurrent/CompletableFuture$UniApply done
Event: 3.858 Thread 0x00000283ca8af000 Thread added: 0x00000283ca8af000
Event: 3.872 loading class java/time/Year
Event: 3.873 loading class java/time/Year done
Event: 3.874 loading class java/time/YearMonth
Event: 3.874 loading class java/time/YearMonth done
Event: 3.876 loading class java/time/MonthDay
Event: 3.876 loading class java/time/MonthDay done


Dynamic libraries:
0x00007ff65cfb0000 - 0x00007ff65cfbf000 	C:\Program Files (x86)\Java\jdk-14.0.1\bin\java.exe
0x00007ff9007f0000 - 0x00007ff9009e5000 	C:\WINDOWS\SYSTEM32\ntdll.dll
0x00007ff8ff020000 - 0x00007ff8ff0de000 	C:\WINDOWS\System32\KERNEL32.DLL
0x00007ff8fe150000 - 0x00007ff8fe419000 	C:\WINDOWS\System32\KERNELBASE.dll
0x00007ff8fdfc0000 - 0x00007ff8fe0c0000 	C:\WINDOWS\System32\ucrtbase.dll
0x00007ff8f8890000 - 0x00007ff8f88a5000 	C:\Program Files (x86)\Java\jdk-14.0.1\bin\VCRUNTIME140.dll
0x00007ff8f7730000 - 0x00007ff8f7748000 	C:\Program Files (x86)\Java\jdk-14.0.1\bin\jli.dll
0x00007ff9005c0000 - 0x00007ff90066c000 	C:\WINDOWS\System32\ADVAPI32.dll
0x00007ff8ff540000 - 0x00007ff8ff5de000 	C:\WINDOWS\System32\msvcrt.dll
0x00007ff8ff8e0000 - 0x00007ff8ff97b000 	C:\WINDOWS\System32\sechost.dll
0x00007ff8fe840000 - 0x00007ff8fe96a000 	C:\WINDOWS\System32\RPCRT4.dll
0x00007ff8fee70000 - 0x00007ff8ff011000 	C:\WINDOWS\System32\USER32.dll
0x00007ff8fe5a0000 - 0x00007ff8fe5c2000 	C:\WINDOWS\System32\win32u.dll
0x00007ff8e6a90000 - 0x00007ff8e6d2a000 	C:\WINDOWS\WinSxS\amd64_microsoft.windows.common-controls_6595b64144ccf1df_6.0.19041.1110_none_60b5254171f9507e\COMCTL32.dll
0x00007ff8ff710000 - 0x00007ff8ff73b000 	C:\WINDOWS\System32\GDI32.dll
0x00007ff8fe730000 - 0x00007ff8fe83b000 	C:\WINDOWS\System32\gdi32full.dll
0x00007ff8fe420000 - 0x00007ff8fe4bd000 	C:\WINDOWS\System32\msvcp_win.dll
0x00007ff8f0ea0000 - 0x00007ff8f0eaa000 	C:\WINDOWS\SYSTEM32\VERSION.dll
0x00007ff8ff360000 - 0x00007ff8ff390000 	C:\WINDOWS\System32\IMM32.DLL
0x00007ff8d6980000 - 0x00007ff8d6a1b000 	C:\Program Files (x86)\Java\jdk-14.0.1\bin\msvcp140.dll
0x00007ff8c19e0000 - 0x00007ff8c24fe000 	C:\Program Files (x86)\Java\jdk-14.0.1\bin\server\jvm.dll
0x00007ff8ff1c0000 - 0x00007ff8ff1c8000 	C:\WINDOWS\System32\PSAPI.DLL
0x00007ff8f0240000 - 0x00007ff8f0249000 	C:\WINDOWS\SYSTEM32\WSOCK32.dll
0x00007ff8ffe00000 - 0x00007ff8ffe6b000 	C:\WINDOWS\System32\WS2_32.dll
0x00007ff8f61d0000 - 0x00007ff8f61f7000 	C:\WINDOWS\SYSTEM32\WINMM.dll
0x00007ff8fbe10000 - 0x00007ff8fbe22000 	C:\WINDOWS\SYSTEM32\kernel.appcore.dll
0x00007ff8fb240000 - 0x00007ff8fb24a000 	C:\Program Files (x86)\Java\jdk-14.0.1\bin\jimage.dll
0x00007ff8ece10000 - 0x00007ff8ecff4000 	C:\WINDOWS\SYSTEM32\DBGHELP.DLL
0x00007ff8ec7e0000 - 0x00007ff8ec80c000 	C:\WINDOWS\SYSTEM32\dbgcore.DLL
0x00007ff8fe0c0000 - 0x00007ff8fe143000 	C:\WINDOWS\System32\bcryptPrimitives.dll
0x00007ff8e3650000 - 0x00007ff8e3675000 	C:\Program Files (x86)\Java\jdk-14.0.1\bin\java.dll
0x00007ff8e99d0000 - 0x00007ff8e99e6000 	C:\Program Files (x86)\Java\jdk-14.0.1\bin\zip.dll
0x00007ff8ffe70000 - 0x00007ff9005af000 	C:\WINDOWS\System32\SHELL32.dll
0x00007ff8fc010000 - 0x00007ff8fc7a0000 	C:\WINDOWS\SYSTEM32\windows.storage.dll
0x00007ff8fe970000 - 0x00007ff8fecc5000 	C:\WINDOWS\System32\combase.dll
0x00007ff8fd890000 - 0x00007ff8fd8bc000 	C:\WINDOWS\SYSTEM32\Wldp.dll
0x00007ff8fedc0000 - 0x00007ff8fee6e000 	C:\WINDOWS\System32\SHCORE.dll
0x00007ff8ff860000 - 0x00007ff8ff8b5000 	C:\WINDOWS\System32\shlwapi.dll
0x00007ff8fde50000 - 0x00007ff8fde6f000 	C:\WINDOWS\SYSTEM32\profapi.dll
0x00007ff8e3ee0000 - 0x00007ff8e3ef9000 	C:\Program Files (x86)\Java\jdk-14.0.1\bin\net.dll
0x00007ff8f5070000 - 0x00007ff8f5178000 	C:\WINDOWS\SYSTEM32\WINHTTP.dll
0x00007ff8fd5f0000 - 0x00007ff8fd65a000 	C:\WINDOWS\system32\mswsock.dll
0x00007ff8e3710000 - 0x00007ff8e3722000 	C:\Program Files (x86)\Java\jdk-14.0.1\bin\nio.dll
0x00007ff8f8990000 - 0x00007ff8f89a0000 	C:\Program Files (x86)\Java\jdk-14.0.1\bin\verify.dll
0x00007ff8f87b0000 - 0x00007ff8f87c7000 	C:\WINDOWS\system32\napinsp.dll
0x00007ff8f8790000 - 0x00007ff8f87ab000 	C:\WINDOWS\system32\pnrpnsp.dll
0x00007ff8f8770000 - 0x00007ff8f8785000 	C:\WINDOWS\system32\wshbth.dll
0x00007ff8f9af0000 - 0x00007ff8f9b0d000 	C:\WINDOWS\system32\NLAapi.dll
0x00007ff8fd2e0000 - 0x00007ff8fd31b000 	C:\WINDOWS\SYSTEM32\IPHLPAPI.DLL
0x00007ff8fd320000 - 0x00007ff8fd3ec000 	C:\WINDOWS\SYSTEM32\DNSAPI.dll
0x00007ff8ff1d0000 - 0x00007ff8ff1d8000 	C:\WINDOWS\System32\NSI.dll
0x00007ff8f6bb0000 - 0x00007ff8f6bc2000 	C:\WINDOWS\System32\winrnr.dll
0x00007ff8f75d0000 - 0x00007ff8f75da000 	C:\Windows\System32\rasadhlp.dll
0x00007ff8f4ff0000 - 0x00007ff8f506f000 	C:\WINDOWS\System32\fwpuclnt.dll
0x00007ff8fe570000 - 0x00007ff8fe597000 	C:\WINDOWS\System32\bcrypt.dll
0x00007ff8d8a90000 - 0x00007ff8d8ab5000 	C:\Program Files (x86)\Java\jdk-14.0.1\bin\sunec.dll
0x00007ff8f76c0000 - 0x00007ff8f76ce000 	C:\Program Files (x86)\Java\jdk-14.0.1\bin\sunmscapi.dll
0x00007ff8fe5d0000 - 0x00007ff8fe726000 	C:\WINDOWS\System32\CRYPT32.dll
0x00007ff8fd900000 - 0x00007ff8fd927000 	C:\WINDOWS\SYSTEM32\ncrypt.dll
0x00007ff8fd8c0000 - 0x00007ff8fd8fb000 	C:\WINDOWS\SYSTEM32\NTASN1.dll
0x00007ff8fd7e0000 - 0x00007ff8fd7f8000 	C:\WINDOWS\SYSTEM32\CRYPTSP.dll
0x00007ff8fcf70000 - 0x00007ff8fcfa4000 	C:\WINDOWS\system32\rsaenh.dll
0x00007ff8fddd0000 - 0x00007ff8fddfe000 	C:\WINDOWS\SYSTEM32\USERENV.dll
0x00007ff8fd800000 - 0x00007ff8fd80c000 	C:\WINDOWS\SYSTEM32\CRYPTBASE.dll
0x00007ff8f6b30000 - 0x00007ff8f6b47000 	C:\WINDOWS\SYSTEM32\dhcpcsvc6.DLL
0x00007ff8f6f20000 - 0x00007ff8f6f3d000 	C:\WINDOWS\SYSTEM32\dhcpcsvc.DLL

dbghelp: loaded successfully - version: 4.0.5 - missing functions: none
symbol engine: initialized successfully - sym options: 0x614 - pdb path: .;C:\Program Files (x86)\Java\jdk-14.0.1\bin;C:\WINDOWS\SYSTEM32;C:\WINDOWS\WinSxS\amd64_microsoft.windows.common-controls_6595b64144ccf1df_6.0.19041.1110_none_60b5254171f9507e;C:\Program Files (x86)\Java\jdk-14.0.1\bin\server

VM Arguments:
jvm_args: -ea 
java_command: org.apache.tools.ant.taskdefs.optional.junit.JUnitTestRunner dao.TournamentDAOTest skipNonTests=false filtertrace=true haltOnError=false haltOnFailure=false showoutput=true outputtoformatters=true logfailedtests=true threadid=0 logtestlistenerevents=true formatter=org.apache.tools.ant.taskdefs.optional.junit.BriefJUnitResultFormatter formatter=org.apache.tools.ant.taskdefs.optional.junit.XMLJUnitResultFormatter,C:\Users\Administrator\Documents\NetBeansProjects\LTM.minesweepergame\build\test\results\TEST-dao.TournamentDAOTest.xml crashfile=C:\Users\Administrator\Documents\NetBeansProjects\LTM.minesweepergame\build\junitvmwatcher2642426326035606944.properties propsfile=C:\Users\Administrator\Documents\NetBeansProjects\LTM.minesweepergame\build\junit11815939702227989041.properties
java_class_path (initial): D:\Programs\MySQL Connector J 8.0\mysql-connector-java-8.0.23.jar;E:\Downloads\hibernate-search-5.8.0.Final\dist\hibernate-search-engine-5.8.0.Final.jar;E:\Downloads\hibernate-search-5.8.0.Final\dist\hibernate-search-orm-5.8.0.Final.jar;E:\Downloads\hibernate-search-5.8.0.Final\dist\lib\required\antlr-2.7.7.jar;E:\Downloads\hibernate-search-5.8.0.Final\dist\lib\required\classmate-1.3.0.jar;E:\Downloads\hibernate-search-5.8.0.Final\dist\lib\required\dom4j-1.6.1.jar;E:\Downloads\hibernate-search-5.8.0.Final\dist\lib\required\hibernate-commons-annotations-5.0.1.Final.jar;E:\Downloads\hibernate-search-5.8.0.Final\dist\lib\required\hibernate-core-5.2.11.Final.jar;E:\Downloads\hibernate-search-5.8.0.Final\dist\lib\required\javassist-3.20.0-GA.jar;E:\Downloads\hibernate-search-5.8.0.Final\dist\lib\required\jboss-logging-3.3.0.Final.jar;E:\Downloads\hibernate-search-5.8.0.Final\dist\lib\required\lucene-core-5.5.4.jar;E:\Downloads\hibernate-search-5.8.0.Final\dist\lib\required\lucene-queryparser-5.5.4.jar;E:\Downloads\hibernate-search-5.8.0.Final\dist\lib\required\xml-apis-1.3.03.jar;E:\Downloads\hibernate-search-5.8.0.Final\dist\lib\provided\hibernate-jpa-2.1-api-1.0.0.Final.jar;E:\Downloads\hibernate-search-5.8.0.Final\dist\lib\provided\jboss-annotations-api_1.2_spec-1.0.0.Final.jar;E:\Downloads\hibernate-search-5.8.0.Final\dist\lib\provided\jboss-jms-api_2.0_spec-1.0.0.Final.jar;E:\Downloads\hibernate-search-5.8.0.Final\dist\lib\provided\jboss-transaction-api_1.2_spec-1.0.0.Final.jar;C:\Program Files\NetBeans-12.0\netbeans\ide\modules\ext\jaxb\jaxb-impl.jar;C:\Program Files\NetBeans-12.0\netbeans\ide\modules\ext\jaxb\jaxb-xjc.jar;C:\Program Files\NetBeans-12.0\netbeans\ide\modules\ext\jaxb\jaxb1-impl.jar;C:\Program Files\NetBeans-12.0\netbeans\ide\modules\ext\jaxb\activation.jar;C:\Program Files\NetBeans-12.0\netbeans\ide\modules\ext\jaxb\api\jaxb-api.jar;C:\Users\Administrator\Documents\NetBeansProjects\LTM.minesweepergame\build\classes;C:\Pr
Launcher Type: SUN_STANDARD

[Global flags]
     intx CICompilerCount                          = 3                                         {product} {ergonomic}
     uint ConcGCThreads                            = 1                                         {product} {ergonomic}
     uint G1ConcRefinementThreads                  = 4                                         {product} {ergonomic}
   size_t G1HeapRegionSize                         = 1048576                                   {product} {ergonomic}
    uintx GCDrainStackTargetSize                   = 64                                        {product} {ergonomic}
   size_t InitialHeapSize                          = 67108864                                  {product} {ergonomic}
   size_t MarkStackSize                            = 4194304                                   {product} {ergonomic}
   size_t MaxHeapSize                              = 1056964608                                {product} {ergonomic}
   size_t MaxNewSize                               = 633339904                                 {product} {ergonomic}
   size_t MinHeapDeltaBytes                        = 1048576                                   {product} {ergonomic}
   size_t MinHeapSize                              = 8388608                                   {product} {ergonomic}
    uintx NonNMethodCodeHeapSize                   = 5832780                                {pd product} {ergonomic}
    uintx NonProfiledCodeHeapSize                  = 122912730                              {pd product} {ergonomic}
    uintx ProfiledCodeHeapSize                     = 122912730                              {pd product} {ergonomic}
    uintx ReservedCodeCacheSize                    = 251658240                              {pd product} {ergonomic}
     bool SegmentedCodeCache                       = true                                      {product} {ergonomic}
   size_t SoftMaxHeapSize                          = 1056964608                             {manageable} {ergonomic}
     bool UseCompressedClassPointers               = true                                 {lp64_product} {ergonomic}
     bool UseCompressedOops                        = true                                 {lp64_product} {ergonomic}
     bool UseG1GC                                  = true                                      {product} {ergonomic}
     bool UseLargePagesIndividualAllocation        = false                                  {pd product} {ergonomic}

Logging:
Log output configuration:
 #0: stdout all=warning uptime,level,tags
 #1: stderr all=off uptime,level,tags

Environment Variables:
JAVA_HOME=C:\Program Files (x86)\Java\jdk-14.0.1
PATH=C:\Users\Administrator\AppData\Local\Programs\Python\Python36\Scripts;C:\Users\Administrator\AppData\Local\Programs\Python\Python36;D:\Programs\jdk7\\bin;C:\Program Files (x86)\Common Files\Oracle\Java\javapath;C:\Program Files\Common Files\Oracle\Java\javapath;C:\WINDOWS\system32;C:\WINDOWS;C:\WINDOWS\System32\Wbem;C:\WINDOWS\System32\WindowsPowerShell\v1.0\;C:\Program Files (x86)\MySQL\MySQL Server 8.0.17;C:\WINDOWS\System32\OpenSSH\;D:\Mai\dev\opencv\build\x64\vc15\bin;D:\Mai\XAMPP\php;D:\Users\Administrator\Program Files\Python3;D:\Mai\composer;D:\Program Files (x86)\xampp\php;C:\Program Files\Azure Data Studio\bin;E:\Downloads\crc-windows-1.26.0-amd64;D:\Programs\nodejs\;D:\Programs\jdk7\bin;C:\Users\Administrator\AppData\Local\Programs\Microsoft VS Code\bin
USERNAME=Administrator
OS=Windows_NT
PROCESSOR_IDENTIFIER=Intel64 Family 6 Model 42 Stepping 7, GenuineIntel



---------------  S Y S T E M  ---------------

OS: Windows 10 , 64 bit Build 19041 (10.0.19041.1202)
OS uptime: 2 days 1:46 hours

CPU:total 4 (initial active 4) (2 cores per cpu, 2 threads per core) family 6 model 42 stepping 7, cmov, cx8, fxsr, mmx, sse, sse2, sse3, ssse3, sse4.1, sse4.2, popcnt, avx, aes, clmul, ht, tsc, tscinvbit

Memory: 4k page, system-wide physical 4030M (439M free)
TotalPageFile size 6078M (AvailPageFile size 4M)
current process WorkingSet (physical memory assigned to process): 159M, peak: 159M
current process commit charge ("private bytes"): 197M, peak: 197M

vm_info: Java HotSpot(TM) 64-Bit Server VM (14.0.1+7) for windows-amd64 JRE (14.0.1+7), built on Mar  5 2020 10:30:14 by "mach5one" with MS VC++ 15.9 (VS2017)

END.
