#
# There is insufficient memory for the Java Runtime Environment to continue.
# Native memory allocation (malloc) failed to allocate 870896 bytes for Chunk::new
# Possible reasons:
#   The system is out of physical RAM or swap space
#   The process is running with CompressedOops enabled, and the Java Heap may be blocking the growth of the native heap
# Possible solutions:
#   Reduce memory load on the system
#   Increase physical memory or swap space
#   Check if swap backing store is full
#   Decrease Java heap size (-Xmx/-Xms)
#   Decrease number of Java threads
#   Decrease Java thread stack sizes (-Xss)
#   Set larger code cache with -XX:ReservedCodeCacheSize=
#   JVM is running with Unscaled Compressed Oops mode in which the Java heap is
#     placed in the first 4GB address space. The Java Heap base address is the
#     maximum limit for the native heap growth. Please use -XX:HeapBaseMinAddress
#     to set the Java Heap base and to place the Java Heap above 4GB virtual address.
# This output file may be truncated or incomplete.
#
#  Out of Memory Error (./open/src/hotspot/share/memory/arena.cpp:195), pid=2172, tid=5908
#
# JRE version: Java(TM) SE Runtime Environment (14.0.1+7) (build 14.0.1+7)
# Java VM: Java HotSpot(TM) 64-Bit Server VM (14.0.1+7, mixed mode, sharing, tiered, compressed oops, g1 gc, windows-amd64)
# No core dump will be written. Minidumps are not enabled by default on client versions of Windows
#

---------------  S U M M A R Y ------------

Command Line: -ea org.apache.tools.ant.taskdefs.optional.junit.JUnitTestRunner dao.TournamentDAOTest skipNonTests=false filtertrace=true haltOnError=false haltOnFailure=false showoutput=true outputtoformatters=true logfailedtests=true threadid=0 logtestlistenerevents=true formatter=org.apache.tools.ant.taskdefs.optional.junit.BriefJUnitResultFormatter formatter=org.apache.tools.ant.taskdefs.optional.junit.XMLJUnitResultFormatter,C:\Users\Administrator\Documents\NetBeansProjects\LTM.minesweepergame\build\test\results\TEST-dao.TournamentDAOTest.xml crashfile=C:\Users\Administrator\Documents\NetBeansProjects\LTM.minesweepergame\build\junitvmwatcher6520777581391030229.properties propsfile=C:\Users\Administrator\Documents\NetBeansProjects\LTM.minesweepergame\build\junit17594890022386888584.properties

Host: Intel(R) Core(TM) i5-2520M CPU @ 2.50GHz, 4 cores, 3G,  Windows 10 , 64 bit Build 19041 (10.0.19041.1202)
Time: Fri Sep 24 19:26:36 2021 SE Asia Standard Time elapsed time: 2 seconds (0d 0h 0m 2s)

---------------  T H R E A D  ---------------

Current thread (0x0000021247908800):  JavaThread "C2 CompilerThread0" daemon [_thread_in_native, id=5908, stack(0x000000824f200000,0x000000824f300000)]


Current CompileTask:
C2:   2229 1724       4       jdk.internal.org.objectweb.asm.Frame::execute (2305 bytes)

Stack: [0x000000824f200000,0x000000824f300000]
Native frames: (J=compiled Java code, j=interpreted, Vv=VM code, C=native code)
V  [jvm.dll+0x5f840a]
V  [jvm.dll+0x741e4a]
V  [jvm.dll+0x7435ff]
V  [jvm.dll+0x743c43]
V  [jvm.dll+0x20d288]
V  [jvm.dll+0xabb07]
V  [jvm.dll+0xac1fc]
V  [jvm.dll+0x276db4]
V  [jvm.dll+0x50ca4a]
V  [jvm.dll+0x1ee036]
V  [jvm.dll+0x1e77c9]
V  [jvm.dll+0x1e4f98]
V  [jvm.dll+0x1779cc]
V  [jvm.dll+0x1f4105]
V  [jvm.dll+0x1f22eb]
V  [jvm.dll+0x706a9d]
V  [jvm.dll+0x6ff8ba]
V  [jvm.dll+0x5f72c6]
C  [ucrtbase.dll+0x21bb2]
C  [KERNEL32.DLL+0x17034]
C  [ntdll.dll+0x52651]


---------------  P R O C E S S  ---------------

Threads class SMR info:
_java_thread_list=0x0000021249353920, length=14, elements={
0x000002122b742800, 0x00000212478e1000, 0x00000212478e3000, 0x0000021247900000,
0x0000021247903000, 0x0000021247904800, 0x0000021247908800, 0x000002124790a000,
0x0000021247915800, 0x000002124836b000, 0x0000021248376000, 0x0000021248d76800,
0x0000021248ccc000, 0x00000212493d5800
}

Java Threads: ( => current thread )
  0x000002122b742800 JavaThread "main" [_thread_blocked, id=9464, stack(0x000000824e600000,0x000000824e700000)]
  0x00000212478e1000 JavaThread "Reference Handler" daemon [_thread_blocked, id=6536, stack(0x000000824ed00000,0x000000824ee00000)]
  0x00000212478e3000 JavaThread "Finalizer" daemon [_thread_blocked, id=5944, stack(0x000000824ee00000,0x000000824ef00000)]
  0x0000021247900000 JavaThread "Signal Dispatcher" daemon [_thread_blocked, id=1560, stack(0x000000824ef00000,0x000000824f000000)]
  0x0000021247903000 JavaThread "Attach Listener" daemon [_thread_blocked, id=3012, stack(0x000000824f000000,0x000000824f100000)]
  0x0000021247904800 JavaThread "Service Thread" daemon [_thread_blocked, id=5520, stack(0x000000824f100000,0x000000824f200000)]
=>0x0000021247908800 JavaThread "C2 CompilerThread0" daemon [_thread_in_native, id=5908, stack(0x000000824f200000,0x000000824f300000)]
  0x000002124790a000 JavaThread "C1 CompilerThread0" daemon [_thread_blocked, id=9512, stack(0x000000824f300000,0x000000824f400000)]
  0x0000021247915800 JavaThread "Sweeper thread" daemon [_thread_blocked, id=6684, stack(0x000000824f400000,0x000000824f500000)]
  0x000002124836b000 JavaThread "Notification Thread" daemon [_thread_blocked, id=6004, stack(0x000000824f500000,0x000000824f600000)]
  0x0000021248376000 JavaThread "Common-Cleaner" daemon [_thread_blocked, id=2968, stack(0x000000824f700000,0x000000824f800000)]
  0x0000021248d76800 JavaThread "mysql-cj-abandoned-connection-cleanup" daemon [_thread_blocked, id=9800, stack(0x000000824fb00000,0x000000824fc00000)]
  0x0000021248ccc000 JavaThread "C2 CompilerThread1" daemon [_thread_in_native, id=876, stack(0x000000824fc00000,0x000000824fd00000)]
  0x00000212493d5800 JavaThread "pool-1-thread-1" [_thread_blocked, id=748, stack(0x000000824fd00000,0x000000824fe00000)]

Other Threads:
  0x000002122b81e000 VMThread "VM Thread" [stack: 0x000000824ec00000,0x000000824ed00000] [id=8264]
  0x0000021248375000 WatcherThread [stack: 0x000000824f600000,0x000000824f700000] [id=8452]
  0x000002122b770800 GCTaskThread "GC Thread#0" [stack: 0x000000824e700000,0x000000824e800000] [id=7276]
  0x000002124895c000 GCTaskThread "GC Thread#1" [stack: 0x000000824f800000,0x000000824f900000] [id=9656]
  0x00000212499f0800 GCTaskThread "GC Thread#2" [stack: 0x000000824fe00000,0x000000824ff00000] [id=1864]
  0x000002124952f000 GCTaskThread "GC Thread#3" [stack: 0x000000824ff00000,0x0000008250000000] [id=4604]
  0x000002122b77a000 ConcurrentGCThread "G1 Main Marker" [stack: 0x000000824e800000,0x000000824e900000] [id=4740]
  0x000002122b77d800 ConcurrentGCThread "G1 Conc#0" [stack: 0x000000824e900000,0x000000824ea00000] [id=9496]
  0x000002122b7d2800 ConcurrentGCThread "G1 Refine#0" [stack: 0x000000824ea00000,0x000000824eb00000] [id=2360]
  0x0000021248940000 ConcurrentGCThread "G1 Refine#1" [stack: 0x000000824f900000,0x000000824fa00000] [id=5480]
  0x0000021248539800 ConcurrentGCThread "G1 Refine#2" [stack: 0x000000824fa00000,0x000000824fb00000] [id=2072]
  0x000002122b7d3800 ConcurrentGCThread "G1 Young RemSet Sampling" [stack: 0x000000824eb00000,0x000000824ec00000] [id=7448]

Threads with active compile tasks:
C2 CompilerThread0     2821 1724       4       jdk.internal.org.objectweb.asm.Frame::execute (2305 bytes)
C1 CompilerThread0     2821 2170   !   3       org.hibernate.persister.walking.spi.MetamodelGraphWalker::visitAttributeDefinition (221 bytes)
C2 CompilerThread1     2821 1938   !   4       jdk.internal.loader.BuiltinClassLoader::loadClassOrNull (143 bytes)

VM state:at safepoint (normal execution)

VM Mutex/Monitor currently owned by a thread:  ([mutex/lock_event])
[0x000002122b73ed80] Threads_lock - owner thread: 0x000002122b81e000
[0x000002122b73dca0] Heap_lock - owner thread: 0x000002122b742800

Heap address: 0x00000000c1000000, size: 1008 MB, Compressed Oops mode: 32-bit
Narrow klass base: 0x0000000800000000, Narrow klass shift: 3
Compressed class space size: 1073741824 Address: 0x0000000800b30000

Heap:
 garbage-first heap   total 46080K, used 10654K [0x00000000c1000000, 0x0000000100000000)
  region size 1024K, 2 young (2048K), 2 survivors (2048K)
 Metaspace       used 23707K, capacity 24126K, committed 24192K, reserved 1075200K
  class space    used 2996K, capacity 3148K, committed 3200K, reserved 1048576K
Heap Regions: E=young(eden), S=young(survivor), O=old, HS=humongous(starts), HC=humongous(continues), CS=collection set, F=free, OA=open archive, CA=closed archive, TAMS=top-at-mark-start (previous, next)
|   0|0x00000000c1000000, 0x00000000c1100000, 0x00000000c1100000|100%| O|  |TAMS 0x00000000c1100000, 0x00000000c1000000| Untracked 
|   1|0x00000000c1100000, 0x00000000c1200000, 0x00000000c1200000|100%| O|  |TAMS 0x00000000c1200000, 0x00000000c1100000| Untracked 
|   2|0x00000000c1200000, 0x00000000c1300000, 0x00000000c1300000|100%| O|  |TAMS 0x00000000c1300000, 0x00000000c1200000| Untracked 
|   3|0x00000000c1300000, 0x00000000c1400000, 0x00000000c1400000|100%| O|  |TAMS 0x00000000c1400000, 0x00000000c1300000| Untracked 
|   4|0x00000000c1400000, 0x00000000c144e200, 0x00000000c1500000| 30%| O|  |TAMS 0x00000000c144e200, 0x00000000c1400000| Untracked 
|   5|0x00000000c1500000, 0x00000000c1600000, 0x00000000c1600000|100%| O|  |TAMS 0x00000000c1500000, 0x00000000c1500000| Untracked 
|   6|0x00000000c1600000, 0x00000000c1700000, 0x00000000c1700000|100%| O|  |TAMS 0x00000000c1600000, 0x00000000c1600000| Untracked 
|   7|0x00000000c1700000, 0x00000000c1800000, 0x00000000c1800000|100%| O|  |TAMS 0x00000000c1700000, 0x00000000c1700000| Untracked 
|   8|0x00000000c1800000, 0x00000000c1900000, 0x00000000c1900000|100%| O|  |TAMS 0x00000000c1800000, 0x00000000c1800000| Untracked 
|   9|0x00000000c1900000, 0x00000000c19a1800, 0x00000000c1a00000| 63%| O|  |TAMS 0x00000000c1900000, 0x00000000c1900000| Untracked 
|  10|0x00000000c1a00000, 0x00000000c1a00000, 0x00000000c1b00000|  0%| F|  |TAMS 0x00000000c1a00000, 0x00000000c1a00000| Untracked 
|  11|0x00000000c1b00000, 0x00000000c1b00000, 0x00000000c1c00000|  0%| F|  |TAMS 0x00000000c1b00000, 0x00000000c1b00000| Untracked 
|  12|0x00000000c1c00000, 0x00000000c1c00000, 0x00000000c1d00000|  0%| F|  |TAMS 0x00000000c1c00000, 0x00000000c1c00000| Untracked 
|  13|0x00000000c1d00000, 0x00000000c1d77fa0, 0x00000000c1e00000| 46%| S|CS|TAMS 0x00000000c1d00000, 0x00000000c1d00000| Complete 
|  14|0x00000000c1e00000, 0x00000000c1f00000, 0x00000000c1f00000|100%| S|CS|TAMS 0x00000000c1e00000, 0x00000000c1e00000| Complete 
|  15|0x00000000c1f00000, 0x00000000c1f00000, 0x00000000c2000000|  0%| F|  |TAMS 0x00000000c1f00000, 0x00000000c1f00000| Untracked 
|  16|0x00000000c2000000, 0x00000000c2000000, 0x00000000c2100000|  0%| F|  |TAMS 0x00000000c2000000, 0x00000000c2000000| Untracked 
|  17|0x00000000c2100000, 0x00000000c2100000, 0x00000000c2200000|  0%| F|  |TAMS 0x00000000c2100000, 0x00000000c2100000| Untracked 
|  18|0x00000000c2200000, 0x00000000c2200000, 0x00000000c2300000|  0%| F|  |TAMS 0x00000000c2200000, 0x00000000c2200000| Untracked 
|  19|0x00000000c2300000, 0x00000000c2300000, 0x00000000c2400000|  0%| F|  |TAMS 0x00000000c2300000, 0x00000000c2300000| Untracked 
|  20|0x00000000c2400000, 0x00000000c2400000, 0x00000000c2500000|  0%| F|  |TAMS 0x00000000c2400000, 0x00000000c2400000| Untracked 
|  21|0x00000000c2500000, 0x00000000c2500000, 0x00000000c2600000|  0%| F|  |TAMS 0x00000000c2500000, 0x00000000c2500000| Untracked 
|  22|0x00000000c2600000, 0x00000000c2600000, 0x00000000c2700000|  0%| F|  |TAMS 0x00000000c2600000, 0x00000000c2600000| Untracked 
|  23|0x00000000c2700000, 0x00000000c2700000, 0x00000000c2800000|  0%| F|  |TAMS 0x00000000c2700000, 0x00000000c2700000| Untracked 
|  24|0x00000000c2800000, 0x00000000c2800000, 0x00000000c2900000|  0%| F|  |TAMS 0x00000000c2800000, 0x00000000c2800000| Untracked 
|  25|0x00000000c2900000, 0x00000000c2900000, 0x00000000c2a00000|  0%| F|  |TAMS 0x00000000c2900000, 0x00000000c2900000| Untracked 
|  26|0x00000000c2a00000, 0x00000000c2a00000, 0x00000000c2b00000|  0%| F|  |TAMS 0x00000000c2a00000, 0x00000000c2a00000| Untracked 
|  27|0x00000000c2b00000, 0x00000000c2b00000, 0x00000000c2c00000|  0%| F|  |TAMS 0x00000000c2b00000, 0x00000000c2b00000| Untracked 
|  28|0x00000000c2c00000, 0x00000000c2c00000, 0x00000000c2d00000|  0%| F|  |TAMS 0x00000000c2c00000, 0x00000000c2c00000| Untracked 
|  29|0x00000000c2d00000, 0x00000000c2d00000, 0x00000000c2e00000|  0%| F|  |TAMS 0x00000000c2d00000, 0x00000000c2d00000| Untracked 
|  30|0x00000000c2e00000, 0x00000000c2e00000, 0x00000000c2f00000|  0%| F|  |TAMS 0x00000000c2e00000, 0x00000000c2e00000| Untracked 
|  31|0x00000000c2f00000, 0x00000000c2f00000, 0x00000000c3000000|  0%| F|  |TAMS 0x00000000c2f00000, 0x00000000c2f00000| Untracked 
|  32|0x00000000c3000000, 0x00000000c3000000, 0x00000000c3100000|  0%| F|  |TAMS 0x00000000c3000000, 0x00000000c3000000| Untracked 
|  33|0x00000000c3100000, 0x00000000c3100000, 0x00000000c3200000|  0%| F|  |TAMS 0x00000000c3100000, 0x00000000c3100000| Untracked 
|  34|0x00000000c3200000, 0x00000000c3200000, 0x00000000c3300000|  0%| F|  |TAMS 0x00000000c3200000, 0x00000000c3200000| Untracked 
|  35|0x00000000c3300000, 0x00000000c3300000, 0x00000000c3400000|  0%| F|  |TAMS 0x00000000c3300000, 0x00000000c3300000| Untracked 
|  63|0x00000000c4f00000, 0x00000000c4f00000, 0x00000000c5000000|  0%| F|  |TAMS 0x00000000c4f00000, 0x00000000c4f00000| Untracked 

Card table byte_map: [0x00000212430f0000,0x00000212432f0000] _byte_map_base: 0x0000021242ae8000

Marking Bits (Prev, Next): (CMBitMap*) 0x000002122b7715c8, (CMBitMap*) 0x000002122b771588
 Prev Bits: [0x00000212444b0000, 0x0000021245470000)
 Next Bits: [0x00000212434f0000, 0x00000212444b0000)

Polling page: 0x000002122af20000

Metaspace:

Usage:
  Non-class:     20.49 MB capacity,    20.23 MB ( 99%) used,   231.09 KB (  1%) free+waste,    36.13 KB ( <1%) overhead. 
      Class:      3.07 MB capacity,     2.93 MB ( 95%) used,   134.46 KB (  4%) free+waste,    17.06 KB ( <1%) overhead. 
       Both:     23.56 MB capacity,    23.15 MB ( 98%) used,   365.55 KB (  2%) free+waste,    53.19 KB ( <1%) overhead. 

Virtual space:
  Non-class space:       26.00 MB reserved,      20.50 MB ( 79%) committed 
      Class space:        1.00 GB reserved,       3.13 MB ( <1%) committed 
             Both:        1.03 GB reserved,      23.63 MB (  2%) committed 

Chunk freelists:
   Non-Class:  14.00 KB
       Class:  20.00 KB
        Both:  34.00 KB

MaxMetaspaceSize: 17179869184.00 GB
CompressedClassSpaceSize: 1.00 GB

CodeHeap 'non-profiled nmethods': size=120000Kb used=887Kb max_used=887Kb free=119112Kb
 bounds [0x000002123b9c0000, 0x000002123bc30000, 0x0000021242ef0000]
CodeHeap 'profiled nmethods': size=120000Kb used=4142Kb max_used=4142Kb free=115858Kb
 bounds [0x0000021234490000, 0x00000212348a0000, 0x000002123b9c0000]
CodeHeap 'non-nmethods': size=5760Kb used=1297Kb max_used=1302Kb free=4462Kb
 bounds [0x0000021233ef0000, 0x0000021234160000, 0x0000021234490000]
 total_blobs=3447 nmethods=2157 adapters=494
 compilation: enabled
              stopped_count=0, restarted_count=0
 full_count=0

Compilation events (20 events):
Event: 2.069 Thread 0x000002124790a000 nmethod 1902 0x000002123482d410 code [0x000002123482d5c0, 0x000002123482d7f8]
Event: 2.069 Thread 0x000002124790a000 1904       1       org.hibernate.boot.internal.InFlightMetadataCollectorImpl::getTypeResolver (5 bytes)
Event: 2.070 Thread 0x000002124790a000 nmethod 1904 0x000002123ba85710 code [0x000002123ba858a0, 0x000002123ba85978]
Event: 2.070 Thread 0x000002124790a000 1905       1       org.hibernate.mapping.Column::getName (5 bytes)
Event: 2.070 Thread 0x000002124790a000 nmethod 1905 0x000002123ba85a10 code [0x000002123ba85ba0, 0x000002123ba85c78]
Event: 2.070 Thread 0x000002124790a000 1906       1       org.hibernate.mapping.RootClass::getIdentifier (5 bytes)
Event: 2.070 Thread 0x000002124790a000 nmethod 1906 0x000002123ba85d10 code [0x000002123ba85ea0, 0x000002123ba85f78]
Event: 2.082 Thread 0x000002124790a000 1908   !   3       java.lang.ref.ReferenceQueue::enqueue (119 bytes)
Event: 2.082 Thread 0x0000021248ccc000 nmethod 1900 0x000002123ba86410 code [0x000002123ba865e0, 0x000002123ba86a78]
Event: 2.082 Thread 0x0000021248ccc000 1903       4       java.util.ArrayList$Itr::next (66 bytes)
Event: 2.083 Thread 0x000002124790a000 nmethod 1908 0x000002123482d910 code [0x000002123482db00, 0x000002123482e2e8]
Event: 2.084 Thread 0x000002124790a000 1910       3       java.lang.ref.ReferenceQueue::reallyPoll (65 bytes)
Event: 2.084 Thread 0x0000021248ccc000 nmethod 1903 0x000002123ba87010 code [0x000002123ba871e0, 0x000002123ba873b8]
Event: 2.084 Thread 0x000002124790a000 nmethod 1910 0x000002123482e490 code [0x000002123482e660, 0x000002123482eb98]
Event: 2.102 Thread 0x000002124790a000 1911       3       java.lang.ClassLoader::definePackage (53 bytes)
Event: 2.103 Thread 0x000002124790a000 nmethod 1911 0x000002123482ec90 code [0x000002123482ee80, 0x000002123482f418]
Event: 2.103 Thread 0x000002124790a000 1912       3       jdk.internal.loader.BuiltinClassLoader::definePackage (277 bytes)
Event: 2.105 Thread 0x000002124790a000 nmethod 1912 0x000002123482f690 code [0x000002123482fca0, 0x0000021234833a18]
Event: 2.105 Thread 0x000002124790a000 1913       1       org.hibernate.boot.registry.classloading.internal.ClassLoaderServiceImpl$AggregatedClassLoader::access$300 (5 bytes)
Event: 2.106 Thread 0x000002124790a000 nmethod 1913 0x000002123ba87510 code [0x000002123ba876a0, 0x000002123ba87738]

GC Heap History (8 events):
Event: 0.475 GC heap before
{Heap before GC invocations=0 (full 0):
 garbage-first heap   total 65536K, used 12288K [0x00000000c1000000, 0x0000000100000000)
  region size 1024K, 13 young (13312K), 0 survivors (0K)
 Metaspace       used 3610K, capacity 5426K, committed 5760K, reserved 1056768K
  class space    used 391K, capacity 560K, committed 640K, reserved 1048576K
}
Event: 0.482 GC heap after
{Heap after GC invocations=1 (full 0):
 garbage-first heap   total 65536K, used 4706K [0x00000000c1000000, 0x0000000100000000)
  region size 1024K, 2 young (2048K), 2 survivors (2048K)
 Metaspace       used 3610K, capacity 5426K, committed 5760K, reserved 1056768K
  class space    used 391K, capacity 560K, committed 640K, reserved 1048576K
}
Event: 0.488 GC heap before
{Heap before GC invocations=1 (full 0):
 garbage-first heap   total 65536K, used 16994K [0x00000000c1000000, 0x0000000100000000)
  region size 1024K, 15 young (15360K), 2 survivors (2048K)
 Metaspace       used 3611K, capacity 5426K, committed 5760K, reserved 1056768K
  class space    used 391K, capacity 560K, committed 640K, reserved 1048576K
}
Event: 0.492 GC heap after
{Heap after GC invocations=2 (full 0):
 garbage-first heap   total 65536K, used 4452K [0x00000000c1000000, 0x0000000100000000)
  region size 1024K, 1 young (1024K), 1 survivors (1024K)
 Metaspace       used 3611K, capacity 5426K, committed 5760K, reserved 1056768K
  class space    used 391K, capacity 560K, committed 640K, reserved 1048576K
}
Event: 0.814 GC heap before
{Heap before GC invocations=2 (full 0):
 garbage-first heap   total 65536K, used 25956K [0x00000000c1000000, 0x0000000100000000)
  region size 1024K, 23 young (23552K), 1 survivors (1024K)
 Metaspace       used 7048K, capacity 7987K, committed 8192K, reserved 1056768K
  class space    used 829K, capacity 947K, committed 1024K, reserved 1048576K
}
Event: 0.817 GC heap after
{Heap after GC invocations=3 (full 0):
 garbage-first heap   total 65536K, used 5461K [0x00000000c1000000, 0x0000000100000000)
  region size 1024K, 2 young (2048K), 2 survivors (2048K)
 Metaspace       used 7048K, capacity 7987K, committed 8192K, reserved 1056768K
  class space    used 829K, capacity 947K, committed 1024K, reserved 1048576K
}
Event: 2.074 GC heap before
{Heap before GC invocations=3 (full 0):
 garbage-first heap   total 65536K, used 40277K [0x00000000c1000000, 0x0000000100000000)
  region size 1024K, 37 young (37888K), 2 survivors (2048K)
 Metaspace       used 19684K, capacity 20015K, committed 20096K, reserved 1073152K
  class space    used 2517K, capacity 2630K, committed 2688K, reserved 1048576K
}
Event: 2.082 GC heap after
{Heap after GC invocations=4 (full 0):
 garbage-first heap   total 65536K, used 9280K [0x00000000c1000000, 0x0000000100000000)
  region size 1024K, 5 young (5120K), 5 survivors (5120K)
 Metaspace       used 19684K, capacity 20015K, committed 20096K, reserved 1073152K
  class space    used 2517K, capacity 2630K, committed 2688K, reserved 1048576K
}

Deoptimization events (20 events):
Event: 1.452 Thread 0x000002122b742800 Uncommon trap: trap_request=0xffffffde fr.pc=0x000002123ba240fc relative=0x0000000000000cdc
Event: 1.452 Thread 0x000002122b742800 Uncommon trap: reason=class_check action=maybe_recompile pc=0x000002123ba240fc method=java.util.HashMap.putVal(ILjava/lang/Object;Ljava/lang/Object;ZZ)Ljava/lang/Object; @ 203 c2
Event: 1.452 Thread 0x000002122b742800 DEOPT PACKING pc=0x000002123ba240fc sp=0x000000824e6fa180
Event: 1.452 Thread 0x000002122b742800 DEOPT UNPACKING pc=0x0000021233f3912f sp=0x000000824e6fa0b8 mode 2
Event: 1.453 Thread 0x000002122b742800 Uncommon trap: trap_request=0xffffffde fr.pc=0x000002123ba240fc relative=0x0000000000000cdc
Event: 1.453 Thread 0x000002122b742800 Uncommon trap: reason=class_check action=maybe_recompile pc=0x000002123ba240fc method=java.util.HashMap.putVal(ILjava/lang/Object;Ljava/lang/Object;ZZ)Ljava/lang/Object; @ 203 c2
Event: 1.453 Thread 0x000002122b742800 DEOPT PACKING pc=0x000002123ba240fc sp=0x000000824e6fa180
Event: 1.453 Thread 0x000002122b742800 DEOPT UNPACKING pc=0x0000021233f3912f sp=0x000000824e6fa0b8 mode 2
Event: 1.455 Thread 0x000002122b742800 Uncommon trap: trap_request=0xffffffde fr.pc=0x000002123ba240fc relative=0x0000000000000cdc
Event: 1.455 Thread 0x000002122b742800 Uncommon trap: reason=class_check action=maybe_recompile pc=0x000002123ba240fc method=java.util.HashMap.putVal(ILjava/lang/Object;Ljava/lang/Object;ZZ)Ljava/lang/Object; @ 203 c2
Event: 1.455 Thread 0x000002122b742800 DEOPT PACKING pc=0x000002123ba240fc sp=0x000000824e6fa180
Event: 1.455 Thread 0x000002122b742800 DEOPT UNPACKING pc=0x0000021233f3912f sp=0x000000824e6fa0b8 mode 2
Event: 1.569 Thread 0x000002122b742800 Uncommon trap: trap_request=0xffffffc6 fr.pc=0x000002123ba56b98 relative=0x0000000000000d58
Event: 1.569 Thread 0x000002122b742800 Uncommon trap: reason=bimorphic_or_optimized_type_check action=maybe_recompile pc=0x000002123ba56b98 method=java.util.HashMap.putVal(ILjava/lang/Object;Ljava/lang/Object;ZZ)Ljava/lang/Object; @ 91 c2
Event: 1.569 Thread 0x000002122b742800 DEOPT PACKING pc=0x000002123ba56b98 sp=0x000000824e6fc460
Event: 1.569 Thread 0x000002122b742800 DEOPT UNPACKING pc=0x0000021233f3912f sp=0x000000824e6fc398 mode 2
Event: 1.569 Thread 0x000002122b742800 Uncommon trap: trap_request=0xffffffc6 fr.pc=0x000002123ba56b98 relative=0x0000000000000d58
Event: 1.569 Thread 0x000002122b742800 Uncommon trap: reason=bimorphic_or_optimized_type_check action=maybe_recompile pc=0x000002123ba56b98 method=java.util.HashMap.putVal(ILjava/lang/Object;Ljava/lang/Object;ZZ)Ljava/lang/Object; @ 91 c2
Event: 1.569 Thread 0x000002122b742800 DEOPT PACKING pc=0x000002123ba56b98 sp=0x000000824e6fc460
Event: 1.569 Thread 0x000002122b742800 DEOPT UNPACKING pc=0x0000021233f3912f sp=0x000000824e6fc398 mode 2

Classes unloaded (0 events):
No events

Classes redefined (0 events):
No events

Internal exceptions (11 events):
Event: 0.199 Thread 0x000002122b742800 Exception <a 'java/lang/NoSuchMethodError'{0x00000000c4bbd8b0}: 'java.lang.Object java.lang.invoke.DirectMethodHandle$Holder.invokeVirtual(java.lang.Object, java.lang.Object, java.lang.Object, java.lang.Object)'> (0x00000000c4bbd8b0) 
thrown [./open/src/hotspot/share/interpreter/linkResolver.cpp, line 766]
Event: 0.310 Thread 0x000002122b742800 Exception <a 'java/lang/IncompatibleClassChangeError'{0x00000000c480f4b8}: Found class java.lang.Object, but interface was expected> (0x00000000c480f4b8) 
thrown [./open/src/hotspot/share/interpreter/linkResolver.cpp, line 832]
Event: 0.456 Thread 0x000002122b742800 Exception <a 'java/lang/NoSuchMethodError'{0x00000000c4654578}: 'int java.lang.invoke.DirectMethodHandle$Holder.invokeSpecialIFC(java.lang.Object, java.lang.Object, int)'> (0x00000000c4654578) 
thrown [./open/src/hotspot/share/interpreter/linkResolver.cpp, line 766]
Event: 0.536 Thread 0x000002122b742800 Exception <a 'java/lang/NoSuchMethodError'{0x00000000c43cd708}: 'void java.lang.invoke.DelegatingMethodHandle$Holder.delegate(java.lang.Object, java.lang.Object, int, java.lang.Object)'> (0x00000000c43cd708) 
thrown [./open/src/hotspot/share/interpreter/linkResolver.cpp, line 766]
Event: 0.537 Thread 0x000002122b742800 Exception <a 'java/lang/NoSuchMethodError'{0x00000000c43d4598}: 'java.lang.Object java.lang.invoke.DirectMethodHandle$Holder.invokeStaticInit(java.lang.Object, java.lang.Object, java.lang.Object)'> (0x00000000c43d4598) 
thrown [./open/src/hotspot/share/interpreter/linkResolver.cpp, line 766]
Event: 0.821 Thread 0x000002122b742800 Exception <a 'java/lang/NullPointerException'{0x00000000c4f24220}> (0x00000000c4f24220) 
thrown [./open/src/hotspot/share/interpreter/linkResolver.cpp, line 1431]
Event: 1.072 Thread 0x000002122b742800 Exception <a 'java/lang/ClassNotFoundException'{0x00000000c484f790}: com/sun/org/apache/xerces/internal/impl/xpath/regex/spi/messageProvider> (0x00000000c484f790) 
thrown [./open/src/hotspot/share/classfile/systemDictionary.cpp, line 226]
Event: 1.292 Thread 0x000002122b742800 Exception <a 'java/lang/NoSuchMethodError'{0x00000000c4171360}: 'void java.lang.invoke.DirectMethodHandle$Holder.invokeSpecial(java.lang.Object, java.lang.Object, java.lang.Object, java.lang.Object)'> (0x00000000c4171360) 
thrown [./open/src/hotspot/share/interpreter/linkResolver.cpp, line 766]
Event: 1.294 Thread 0x000002122b742800 Exception <a 'java/lang/NoSuchMethodError'{0x00000000c4177ce8}: 'java.lang.Object java.lang.invoke.DirectMethodHandle$Holder.invokeVirtual(java.lang.Object, java.lang.Object, java.lang.Object)'> (0x00000000c4177ce8) 
thrown [./open/src/hotspot/share/interpreter/linkResolver.cpp, line 766]
Event: 1.726 Thread 0x000002122b742800 Exception <a 'java/lang/NoSuchMethodError'{0x00000000c340b3b8}: 'java.lang.Object java.lang.invoke.DirectMethodHandle$Holder.invokeStaticInit(java.lang.Object, int, int, int, int)'> (0x00000000c340b3b8) 
thrown [./open/src/hotspot/share/interpreter/linkResolver.cpp, line 766]
Event: 1.757 Thread 0x000002122b742800 Exception <a 'java/lang/NoSuchMethodError'{0x00000000c3448650}: 'java.lang.Object java.lang.invoke.DirectMethodHandle$Holder.invokeStaticInit(java.lang.Object, java.lang.Object, int, int, int, int)'> (0x00000000c3448650) 
thrown [./open/src/hotspot/share/interpreter/linkResolver.cpp, line 766]

Events (20 events):
Event: 2.085 loading class javax/naming/RefAddr
Event: 2.085 loading class javax/naming/RefAddr done
Event: 2.085 loading class javax/naming/StringRefAddr
Event: 2.085 loading class javax/naming/StringRefAddr done
Event: 2.090 loading class java/io/InvalidObjectException
Event: 2.090 loading class java/io/ObjectStreamException
Event: 2.090 loading class java/io/ObjectStreamException done
Event: 2.090 loading class java/io/InvalidObjectException done
Event: 2.093 Executing VM operation: G1Concurrent
Event: 2.096 Executing VM operation: G1Concurrent done
Event: 2.097 Executing VM operation: HandshakeOneThread
Event: 2.097 Executing VM operation: HandshakeOneThread done
Event: 2.097 Executing VM operation: BulkRevokeBias
Event: 2.097 Executing VM operation: BulkRevokeBias done
Event: 2.097 Executing VM operation: HandshakeOneThread
Event: 2.097 Executing VM operation: HandshakeOneThread done
Event: 2.099 Executing VM operation: HandshakeOneThread
Event: 2.099 Executing VM operation: HandshakeOneThread done
Event: 2.100 Executing VM operation: G1Concurrent
Event: 2.100 Executing VM operation: G1Concurrent done


Dynamic libraries:
0x00007ff65cfb0000 - 0x00007ff65cfbf000 	C:\Program Files (x86)\Java\jdk-14.0.1\bin\java.exe
0x00007ff9007f0000 - 0x00007ff9009e5000 	C:\WINDOWS\SYSTEM32\ntdll.dll
0x00007ff8ff020000 - 0x00007ff8ff0de000 	C:\WINDOWS\System32\KERNEL32.DLL
0x00007ff8fe150000 - 0x00007ff8fe419000 	C:\WINDOWS\System32\KERNELBASE.dll
0x00007ff8fdfc0000 - 0x00007ff8fe0c0000 	C:\WINDOWS\System32\ucrtbase.dll
0x00007ff8f8890000 - 0x00007ff8f88a5000 	C:\Program Files (x86)\Java\jdk-14.0.1\bin\VCRUNTIME140.dll
0x00007ff8f7730000 - 0x00007ff8f7748000 	C:\Program Files (x86)\Java\jdk-14.0.1\bin\jli.dll
0x00007ff9005c0000 - 0x00007ff90066c000 	C:\WINDOWS\System32\ADVAPI32.dll
0x00007ff8ff540000 - 0x00007ff8ff5de000 	C:\WINDOWS\System32\msvcrt.dll
0x00007ff8ff8e0000 - 0x00007ff8ff97b000 	C:\WINDOWS\System32\sechost.dll
0x00007ff8fe840000 - 0x00007ff8fe96a000 	C:\WINDOWS\System32\RPCRT4.dll
0x00007ff8fee70000 - 0x00007ff8ff011000 	C:\WINDOWS\System32\USER32.dll
0x00007ff8fe5a0000 - 0x00007ff8fe5c2000 	C:\WINDOWS\System32\win32u.dll
0x00007ff8e6a90000 - 0x00007ff8e6d2a000 	C:\WINDOWS\WinSxS\amd64_microsoft.windows.common-controls_6595b64144ccf1df_6.0.19041.1110_none_60b5254171f9507e\COMCTL32.dll
0x00007ff8ff710000 - 0x00007ff8ff73b000 	C:\WINDOWS\System32\GDI32.dll
0x00007ff8fe730000 - 0x00007ff8fe83b000 	C:\WINDOWS\System32\gdi32full.dll
0x00007ff8fe420000 - 0x00007ff8fe4bd000 	C:\WINDOWS\System32\msvcp_win.dll
0x00007ff8f0ea0000 - 0x00007ff8f0eaa000 	C:\WINDOWS\SYSTEM32\VERSION.dll
0x00007ff8ff360000 - 0x00007ff8ff390000 	C:\WINDOWS\System32\IMM32.DLL
0x00007ff8d6980000 - 0x00007ff8d6a1b000 	C:\Program Files (x86)\Java\jdk-14.0.1\bin\msvcp140.dll
0x00007ff8c19e0000 - 0x00007ff8c24fe000 	C:\Program Files (x86)\Java\jdk-14.0.1\bin\server\jvm.dll
0x00007ff8ff1c0000 - 0x00007ff8ff1c8000 	C:\WINDOWS\System32\PSAPI.DLL
0x00007ff8f0240000 - 0x00007ff8f0249000 	C:\WINDOWS\SYSTEM32\WSOCK32.dll
0x00007ff8f61d0000 - 0x00007ff8f61f7000 	C:\WINDOWS\SYSTEM32\WINMM.dll
0x00007ff8ffe00000 - 0x00007ff8ffe6b000 	C:\WINDOWS\System32\WS2_32.dll
0x00007ff8fbe10000 - 0x00007ff8fbe22000 	C:\WINDOWS\SYSTEM32\kernel.appcore.dll
0x00007ff8fb240000 - 0x00007ff8fb24a000 	C:\Program Files (x86)\Java\jdk-14.0.1\bin\jimage.dll
0x00007ff8ece10000 - 0x00007ff8ecff4000 	C:\WINDOWS\SYSTEM32\DBGHELP.DLL
0x00007ff8ec7e0000 - 0x00007ff8ec80c000 	C:\WINDOWS\SYSTEM32\dbgcore.DLL
0x00007ff8fe0c0000 - 0x00007ff8fe143000 	C:\WINDOWS\System32\bcryptPrimitives.dll
0x00007ff8e3650000 - 0x00007ff8e3675000 	C:\Program Files (x86)\Java\jdk-14.0.1\bin\java.dll
0x00007ff8e99d0000 - 0x00007ff8e99e6000 	C:\Program Files (x86)\Java\jdk-14.0.1\bin\zip.dll
0x00007ff8ffe70000 - 0x00007ff9005af000 	C:\WINDOWS\System32\SHELL32.dll
0x00007ff8fc010000 - 0x00007ff8fc7a0000 	C:\WINDOWS\SYSTEM32\windows.storage.dll
0x00007ff8fe970000 - 0x00007ff8fecc5000 	C:\WINDOWS\System32\combase.dll
0x00007ff8fd890000 - 0x00007ff8fd8bc000 	C:\WINDOWS\SYSTEM32\Wldp.dll
0x00007ff8fedc0000 - 0x00007ff8fee6e000 	C:\WINDOWS\System32\SHCORE.dll
0x00007ff8ff860000 - 0x00007ff8ff8b5000 	C:\WINDOWS\System32\shlwapi.dll
0x00007ff8fde50000 - 0x00007ff8fde6f000 	C:\WINDOWS\SYSTEM32\profapi.dll
0x00007ff8e3ee0000 - 0x00007ff8e3ef9000 	C:\Program Files (x86)\Java\jdk-14.0.1\bin\net.dll
0x00007ff8f5070000 - 0x00007ff8f5178000 	C:\WINDOWS\SYSTEM32\WINHTTP.dll
0x00007ff8fd5f0000 - 0x00007ff8fd65a000 	C:\WINDOWS\system32\mswsock.dll
0x00007ff8e3710000 - 0x00007ff8e3722000 	C:\Program Files (x86)\Java\jdk-14.0.1\bin\nio.dll
0x00007ff8f8990000 - 0x00007ff8f89a0000 	C:\Program Files (x86)\Java\jdk-14.0.1\bin\verify.dll
0x00007ff8f87b0000 - 0x00007ff8f87c7000 	C:\WINDOWS\system32\napinsp.dll
0x00007ff8f8790000 - 0x00007ff8f87ab000 	C:\WINDOWS\system32\pnrpnsp.dll
0x00007ff8f8770000 - 0x00007ff8f8785000 	C:\WINDOWS\system32\wshbth.dll
0x00007ff8f9af0000 - 0x00007ff8f9b0d000 	C:\WINDOWS\system32\NLAapi.dll
0x00007ff8fd2e0000 - 0x00007ff8fd31b000 	C:\WINDOWS\SYSTEM32\IPHLPAPI.DLL
0x00007ff8fd320000 - 0x00007ff8fd3ec000 	C:\WINDOWS\SYSTEM32\DNSAPI.dll
0x00007ff8ff1d0000 - 0x00007ff8ff1d8000 	C:\WINDOWS\System32\NSI.dll
0x00007ff8f6bb0000 - 0x00007ff8f6bc2000 	C:\WINDOWS\System32\winrnr.dll
0x00007ff8f75d0000 - 0x00007ff8f75da000 	C:\Windows\System32\rasadhlp.dll
0x00007ff8f4ff0000 - 0x00007ff8f506f000 	C:\WINDOWS\System32\fwpuclnt.dll
0x00007ff8fe570000 - 0x00007ff8fe597000 	C:\WINDOWS\System32\bcrypt.dll
0x00007ff8d8a90000 - 0x00007ff8d8ab5000 	C:\Program Files (x86)\Java\jdk-14.0.1\bin\sunec.dll
0x00007ff8f76c0000 - 0x00007ff8f76ce000 	C:\Program Files (x86)\Java\jdk-14.0.1\bin\sunmscapi.dll
0x00007ff8fe5d0000 - 0x00007ff8fe726000 	C:\WINDOWS\System32\CRYPT32.dll
0x00007ff8fd900000 - 0x00007ff8fd927000 	C:\WINDOWS\SYSTEM32\ncrypt.dll
0x00007ff8fd8c0000 - 0x00007ff8fd8fb000 	C:\WINDOWS\SYSTEM32\NTASN1.dll
0x00007ff8fd7e0000 - 0x00007ff8fd7f8000 	C:\WINDOWS\SYSTEM32\CRYPTSP.dll
0x00007ff8fcf70000 - 0x00007ff8fcfa4000 	C:\WINDOWS\system32\rsaenh.dll
0x00007ff8fddd0000 - 0x00007ff8fddfe000 	C:\WINDOWS\SYSTEM32\USERENV.dll
0x00007ff8fd800000 - 0x00007ff8fd80c000 	C:\WINDOWS\SYSTEM32\CRYPTBASE.dll
0x00007ff8f6b30000 - 0x00007ff8f6b47000 	C:\WINDOWS\SYSTEM32\dhcpcsvc6.DLL
0x00007ff8f6f20000 - 0x00007ff8f6f3d000 	C:\WINDOWS\SYSTEM32\dhcpcsvc.DLL

dbghelp: loaded successfully - version: 4.0.5 - missing functions: none
symbol engine: initialized successfully - sym options: 0x614 - pdb path: .;C:\Program Files (x86)\Java\jdk-14.0.1\bin;C:\WINDOWS\SYSTEM32;C:\WINDOWS\WinSxS\amd64_microsoft.windows.common-controls_6595b64144ccf1df_6.0.19041.1110_none_60b5254171f9507e;C:\Program Files (x86)\Java\jdk-14.0.1\bin\server

VM Arguments:
jvm_args: -ea 
java_command: org.apache.tools.ant.taskdefs.optional.junit.JUnitTestRunner dao.TournamentDAOTest skipNonTests=false filtertrace=true haltOnError=false haltOnFailure=false showoutput=true outputtoformatters=true logfailedtests=true threadid=0 logtestlistenerevents=true formatter=org.apache.tools.ant.taskdefs.optional.junit.BriefJUnitResultFormatter formatter=org.apache.tools.ant.taskdefs.optional.junit.XMLJUnitResultFormatter,C:\Users\Administrator\Documents\NetBeansProjects\LTM.minesweepergame\build\test\results\TEST-dao.TournamentDAOTest.xml crashfile=C:\Users\Administrator\Documents\NetBeansProjects\LTM.minesweepergame\build\junitvmwatcher6520777581391030229.properties propsfile=C:\Users\Administrator\Documents\NetBeansProjects\LTM.minesweepergame\build\junit17594890022386888584.properties
java_class_path (initial): D:\Programs\MySQL Connector J 8.0\mysql-connector-java-8.0.23.jar;E:\Downloads\hibernate-search-5.8.0.Final\dist\hibernate-search-engine-5.8.0.Final.jar;E:\Downloads\hibernate-search-5.8.0.Final\dist\hibernate-search-orm-5.8.0.Final.jar;E:\Downloads\hibernate-search-5.8.0.Final\dist\lib\required\antlr-2.7.7.jar;E:\Downloads\hibernate-search-5.8.0.Final\dist\lib\required\classmate-1.3.0.jar;E:\Downloads\hibernate-search-5.8.0.Final\dist\lib\required\dom4j-1.6.1.jar;E:\Downloads\hibernate-search-5.8.0.Final\dist\lib\required\hibernate-commons-annotations-5.0.1.Final.jar;E:\Downloads\hibernate-search-5.8.0.Final\dist\lib\required\hibernate-core-5.2.11.Final.jar;E:\Downloads\hibernate-search-5.8.0.Final\dist\lib\required\javassist-3.20.0-GA.jar;E:\Downloads\hibernate-search-5.8.0.Final\dist\lib\required\jboss-logging-3.3.0.Final.jar;E:\Downloads\hibernate-search-5.8.0.Final\dist\lib\required\lucene-core-5.5.4.jar;E:\Downloads\hibernate-search-5.8.0.Final\dist\lib\required\lucene-queryparser-5.5.4.jar;E:\Downloads\hibernate-search-5.8.0.Final\dist\lib\required\xml-apis-1.3.03.jar;E:\Downloads\hibernate-search-5.8.0.Final\dist\lib\provided\hibernate-jpa-2.1-api-1.0.0.Final.jar;E:\Downloads\hibernate-search-5.8.0.Final\dist\lib\provided\jboss-annotations-api_1.2_spec-1.0.0.Final.jar;E:\Downloads\hibernate-search-5.8.0.Final\dist\lib\provided\jboss-jms-api_2.0_spec-1.0.0.Final.jar;E:\Downloads\hibernate-search-5.8.0.Final\dist\lib\provided\jboss-transaction-api_1.2_spec-1.0.0.Final.jar;C:\Program Files\NetBeans-12.0\netbeans\ide\modules\ext\jaxb\jaxb-impl.jar;C:\Program Files\NetBeans-12.0\netbeans\ide\modules\ext\jaxb\jaxb-xjc.jar;C:\Program Files\NetBeans-12.0\netbeans\ide\modules\ext\jaxb\jaxb1-impl.jar;C:\Program Files\NetBeans-12.0\netbeans\ide\modules\ext\jaxb\activation.jar;C:\Program Files\NetBeans-12.0\netbeans\ide\modules\ext\jaxb\api\jaxb-api.jar;C:\Users\Administrator\Documents\NetBeansProjects\LTM.minesweepergame\build\classes;C:\Pr
Launcher Type: SUN_STANDARD

[Global flags]
     intx CICompilerCount                          = 3                                         {product} {ergonomic}
     uint ConcGCThreads                            = 1                                         {product} {ergonomic}
     uint G1ConcRefinementThreads                  = 4                                         {product} {ergonomic}
   size_t G1HeapRegionSize                         = 1048576                                   {product} {ergonomic}
    uintx GCDrainStackTargetSize                   = 64                                        {product} {ergonomic}
   size_t InitialHeapSize                          = 67108864                                  {product} {ergonomic}
   size_t MarkStackSize                            = 4194304                                   {product} {ergonomic}
   size_t MaxHeapSize                              = 1056964608                                {product} {ergonomic}
   size_t MaxNewSize                               = 633339904                                 {product} {ergonomic}
   size_t MinHeapDeltaBytes                        = 1048576                                   {product} {ergonomic}
   size_t MinHeapSize                              = 8388608                                   {product} {ergonomic}
    uintx NonNMethodCodeHeapSize                   = 5832780                                {pd product} {ergonomic}
    uintx NonProfiledCodeHeapSize                  = 122912730                              {pd product} {ergonomic}
    uintx ProfiledCodeHeapSize                     = 122912730                              {pd product} {ergonomic}
    uintx ReservedCodeCacheSize                    = 251658240                              {pd product} {ergonomic}
     bool SegmentedCodeCache                       = true                                      {product} {ergonomic}
   size_t SoftMaxHeapSize                          = 1056964608                             {manageable} {ergonomic}
     bool UseCompressedClassPointers               = true                                 {lp64_product} {ergonomic}
     bool UseCompressedOops                        = true                                 {lp64_product} {ergonomic}
     bool UseG1GC                                  = true                                      {product} {ergonomic}
     bool UseLargePagesIndividualAllocation        = false                                  {pd product} {ergonomic}

Logging:
Log output configuration:
 #0: stdout all=warning uptime,level,tags
 #1: stderr all=off uptime,level,tags

Environment Variables:
JAVA_HOME=C:\Program Files (x86)\Java\jdk-14.0.1
PATH=C:\Users\Administrator\AppData\Local\Programs\Python\Python36\Scripts;C:\Users\Administrator\AppData\Local\Programs\Python\Python36;D:\Programs\jdk7\\bin;C:\Program Files (x86)\Common Files\Oracle\Java\javapath;C:\Program Files\Common Files\Oracle\Java\javapath;C:\WINDOWS\system32;C:\WINDOWS;C:\WINDOWS\System32\Wbem;C:\WINDOWS\System32\WindowsPowerShell\v1.0\;C:\Program Files (x86)\MySQL\MySQL Server 8.0.17;C:\WINDOWS\System32\OpenSSH\;D:\Mai\dev\opencv\build\x64\vc15\bin;D:\Mai\XAMPP\php;D:\Users\Administrator\Program Files\Python3;D:\Mai\composer;D:\Program Files (x86)\xampp\php;C:\Program Files\Azure Data Studio\bin;E:\Downloads\crc-windows-1.26.0-amd64;D:\Programs\nodejs\;D:\Programs\jdk7\bin;C:\Users\Administrator\AppData\Local\Programs\Microsoft VS Code\bin
USERNAME=Administrator
OS=Windows_NT
PROCESSOR_IDENTIFIER=Intel64 Family 6 Model 42 Stepping 7, GenuineIntel



---------------  S Y S T E M  ---------------

OS: Windows 10 , 64 bit Build 19041 (10.0.19041.1202)
OS uptime: 2 days 1:45 hours

CPU:total 4 (initial active 4) (2 cores per cpu, 2 threads per core) family 6 model 42 stepping 7, cmov, cx8, fxsr, mmx, sse, sse2, sse3, ssse3, sse4.1, sse4.2, popcnt, avx, aes, clmul, ht, tsc, tscinvbit

Memory: 4k page, system-wide physical 4030M (461M free)
TotalPageFile size 6078M (AvailPageFile size 14M)
current process WorkingSet (physical memory assigned to process): 142M, peak: 142M
current process commit charge ("private bytes"): 179M, peak: 180M

vm_info: Java HotSpot(TM) 64-Bit Server VM (14.0.1+7) for windows-amd64 JRE (14.0.1+7), built on Mar  5 2020 10:30:14 by "mach5one" with MS VC++ 15.9 (VS2017)

END.
