#
# There is insufficient memory for the Java Runtime Environment to continue.
# Native memory allocation (malloc) failed to allocate 388896 bytes for Chunk::new
# Possible reasons:
#   The system is out of physical RAM or swap space
#   The process is running with CompressedOops enabled, and the Java Heap may be blocking the growth of the native heap
# Possible solutions:
#   Reduce memory load on the system
#   Increase physical memory or swap space
#   Check if swap backing store is full
#   Decrease Java heap size (-Xmx/-Xms)
#   Decrease number of Java threads
#   Decrease Java thread stack sizes (-Xss)
#   Set larger code cache with -XX:ReservedCodeCacheSize=
#   JVM is running with Unscaled Compressed Oops mode in which the Java heap is
#     placed in the first 4GB address space. The Java Heap base address is the
#     maximum limit for the native heap growth. Please use -XX:HeapBaseMinAddress
#     to set the Java Heap base and to place the Java Heap above 4GB virtual address.
# This output file may be truncated or incomplete.
#
#  Out of Memory Error (./open/src/hotspot/share/memory/arena.cpp:195), pid=5496, tid=1628
#
# JRE version: Java(TM) SE Runtime Environment (14.0.1+7) (build 14.0.1+7)
# Java VM: Java HotSpot(TM) 64-Bit Server VM (14.0.1+7, mixed mode, sharing, tiered, compressed oops, g1 gc, windows-amd64)
# No core dump will be written. Minidumps are not enabled by default on client versions of Windows
#

---------------  S U M M A R Y ------------

Command Line: -ea org.apache.tools.ant.taskdefs.optional.junit.JUnitTestRunner dao.TournamentDAOTest skipNonTests=false filtertrace=true haltOnError=false haltOnFailure=false showoutput=true outputtoformatters=true logfailedtests=true threadid=0 logtestlistenerevents=true formatter=org.apache.tools.ant.taskdefs.optional.junit.BriefJUnitResultFormatter formatter=org.apache.tools.ant.taskdefs.optional.junit.XMLJUnitResultFormatter,C:\Users\Administrator\Documents\NetBeansProjects\LTM.minesweepergame\build\test\results\TEST-dao.TournamentDAOTest.xml crashfile=C:\Users\Administrator\Documents\NetBeansProjects\LTM.minesweepergame\build\junitvmwatcher13471150101655174371.properties propsfile=C:\Users\Administrator\Documents\NetBeansProjects\LTM.minesweepergame\build\junit11422868405643795951.properties

Host: Intel(R) Core(TM) i5-2520M CPU @ 2.50GHz, 4 cores, 3G,  Windows 10 , 64 bit Build 19041 (10.0.19041.1202)
Time: Fri Sep 24 19:33:10 2021 SE Asia Standard Time elapsed time: 1 seconds (0d 0h 0m 1s)

---------------  T H R E A D  ---------------

Current thread (0x000001cbe25a6000):  JavaThread "C2 CompilerThread0" daemon [_thread_in_native, id=1628, stack(0x000000c4c7800000,0x000000c4c7900000)]


Current CompileTask:
C2:   1799 1648   !   4       jdk.internal.loader.URLClassPath$JarLoader::getResource (354 bytes)

Stack: [0x000000c4c7800000,0x000000c4c7900000]
Native frames: (J=compiled Java code, j=interpreted, Vv=VM code, C=native code)
V  [jvm.dll+0x5f840a]
V  [jvm.dll+0x741e4a]
V  [jvm.dll+0x7435ff]
V  [jvm.dll+0x743c43]
V  [jvm.dll+0x20d288]
V  [jvm.dll+0xabb07]
V  [jvm.dll+0xac1fc]
V  [jvm.dll+0x276db4]
V  [jvm.dll+0x50ca4a]
V  [jvm.dll+0x1ee1da]
V  [jvm.dll+0x1e7cfb]
V  [jvm.dll+0x1e4f98]
V  [jvm.dll+0x1779cc]
V  [jvm.dll+0x1f4105]
V  [jvm.dll+0x1f22eb]
V  [jvm.dll+0x706a9d]
V  [jvm.dll+0x6ff8ba]
V  [jvm.dll+0x5f72c6]
C  [ucrtbase.dll+0x21bb2]
C  [KERNEL32.DLL+0x17034]
C  [ntdll.dll+0x52651]


---------------  P R O C E S S  ---------------

Threads class SMR info:
_java_thread_list=0x000001cbe4041f20, length=14, elements={
0x000001cbc63e2800, 0x000001cbc64bd800, 0x000001cbe2583000, 0x000001cbe25a0000,
0x000001cbe25a3000, 0x000001cbe25a5000, 0x000001cbe25a6000, 0x000001cbe25b1000,
0x000001cbe25b4800, 0x000001cbe3001800, 0x000001cbe3009800, 0x000001cbe3807000,
0x000001cbe3a8b000, 0x000001cbe40e8000
}

Java Threads: ( => current thread )
  0x000001cbc63e2800 JavaThread "main" [_thread_blocked, id=600, stack(0x000000c4c6c00000,0x000000c4c6d00000)]
  0x000001cbc64bd800 JavaThread "Reference Handler" daemon [_thread_blocked, id=7924, stack(0x000000c4c7300000,0x000000c4c7400000)]
  0x000001cbe2583000 JavaThread "Finalizer" daemon [_thread_blocked, id=7808, stack(0x000000c4c7400000,0x000000c4c7500000)]
  0x000001cbe25a0000 JavaThread "Signal Dispatcher" daemon [_thread_blocked, id=9172, stack(0x000000c4c7500000,0x000000c4c7600000)]
  0x000001cbe25a3000 JavaThread "Attach Listener" daemon [_thread_blocked, id=9776, stack(0x000000c4c7600000,0x000000c4c7700000)]
  0x000001cbe25a5000 JavaThread "Service Thread" daemon [_thread_blocked, id=5816, stack(0x000000c4c7700000,0x000000c4c7800000)]
=>0x000001cbe25a6000 JavaThread "C2 CompilerThread0" daemon [_thread_in_native, id=1628, stack(0x000000c4c7800000,0x000000c4c7900000)]
  0x000001cbe25b1000 JavaThread "C1 CompilerThread0" daemon [_thread_blocked, id=4404, stack(0x000000c4c7900000,0x000000c4c7a00000)]
  0x000001cbe25b4800 JavaThread "Sweeper thread" daemon [_thread_blocked, id=3188, stack(0x000000c4c7a00000,0x000000c4c7b00000)]
  0x000001cbe3001800 JavaThread "Notification Thread" daemon [_thread_blocked, id=9380, stack(0x000000c4c7b00000,0x000000c4c7c00000)]
  0x000001cbe3009800 JavaThread "Common-Cleaner" daemon [_thread_blocked, id=6396, stack(0x000000c4c7d00000,0x000000c4c7e00000)]
  0x000001cbe3807000 JavaThread "mysql-cj-abandoned-connection-cleanup" daemon [_thread_blocked, id=8700, stack(0x000000c4c8000000,0x000000c4c8100000)]
  0x000001cbe3a8b000 JavaThread "C2 CompilerThread1" daemon [_thread_blocked, id=6188, stack(0x000000c4c8100000,0x000000c4c8200000)]
  0x000001cbe40e8000 JavaThread "pool-1-thread-1" [_thread_blocked, id=7116, stack(0x000000c4c8200000,0x000000c4c8300000)]

Other Threads:
  0x000001cbc64bc800 VMThread "VM Thread" [stack: 0x000000c4c7200000,0x000000c4c7300000] [id=6796]
  0x000001cbe3008000 WatcherThread [stack: 0x000000c4c7c00000,0x000000c4c7d00000] [id=6912]
  0x000001cbc6411800 GCTaskThread "GC Thread#0" [stack: 0x000000c4c6d00000,0x000000c4c6e00000] [id=7364]
  0x000001cbe3498000 GCTaskThread "GC Thread#1" [stack: 0x000000c4c7e00000,0x000000c4c7f00000] [id=9384]
  0x000001cbe4805000 GCTaskThread "GC Thread#2" [stack: 0x000000c4c8300000,0x000000c4c8400000] [id=6320]
  0x000001cbe4815000 GCTaskThread "GC Thread#3" [stack: 0x000000c4c8400000,0x000000c4c8500000] [id=9024]
  0x000001cbc641c000 ConcurrentGCThread "G1 Main Marker" [stack: 0x000000c4c6e00000,0x000000c4c6f00000] [id=9260]
  0x000001cbc641d800 ConcurrentGCThread "G1 Conc#0" [stack: 0x000000c4c6f00000,0x000000c4c7000000] [id=8088]
  0x000001cbc6473800 ConcurrentGCThread "G1 Refine#0" [stack: 0x000000c4c7000000,0x000000c4c7100000] [id=8968]
  0x000001cbe3167800 ConcurrentGCThread "G1 Refine#1" [stack: 0x000000c4c7f00000,0x000000c4c8000000] [id=4304]
  0x000001cbc6474800 ConcurrentGCThread "G1 Young RemSet Sampling" [stack: 0x000000c4c7100000,0x000000c4c7200000] [id=5376]

Threads with active compile tasks:
C2 CompilerThread0     1829 1648   !   4       jdk.internal.loader.URLClassPath$JarLoader::getResource (354 bytes)
C2 CompilerThread1     1829 1660       4       jdk.internal.org.objectweb.asm.Frame::execute (2305 bytes)

VM state:at safepoint (normal execution)

VM Mutex/Monitor currently owned by a thread:  ([mutex/lock_event])
[0x000001cbc63dffd0] Threads_lock - owner thread: 0x000001cbc64bc800
[0x000001cbc63dec20] Heap_lock - owner thread: 0x000001cbc63e2800

Heap address: 0x00000000c1000000, size: 1008 MB, Compressed Oops mode: 32-bit
Narrow klass base: 0x0000000800000000, Narrow klass shift: 3
Compressed class space size: 1073741824 Address: 0x0000000800b30000

Heap:
 garbage-first heap   total 65536K, used 9054K [0x00000000c1000000, 0x0000000100000000)
  region size 1024K, 5 young (5120K), 5 survivors (5120K)
 Metaspace       used 18561K, capacity 18879K, committed 18944K, reserved 1077248K
  class space    used 2400K, capacity 2532K, committed 2560K, reserved 1048576K
Heap Regions: E=young(eden), S=young(survivor), O=old, HS=humongous(starts), HC=humongous(continues), CS=collection set, F=free, OA=open archive, CA=closed archive, TAMS=top-at-mark-start (previous, next)
|   0|0x00000000c1000000, 0x00000000c1100000, 0x00000000c1100000|100%| O|  |TAMS 0x00000000c1000000, 0x00000000c1100000| Untracked 
|   1|0x00000000c1100000, 0x00000000c1200000, 0x00000000c1200000|100%| O|  |TAMS 0x00000000c1100000, 0x00000000c1200000| Untracked 
|   2|0x00000000c1200000, 0x00000000c1300000, 0x00000000c1300000|100%| O|  |TAMS 0x00000000c1200000, 0x00000000c1300000| Untracked 
|   3|0x00000000c1300000, 0x00000000c1400000, 0x00000000c1400000|100%| O|  |TAMS 0x00000000c1300000, 0x00000000c1400000| Untracked 
|   4|0x00000000c1400000, 0x00000000c146b200, 0x00000000c1500000| 41%| O|  |TAMS 0x00000000c1400000, 0x00000000c146b200| Untracked 
|   5|0x00000000c1500000, 0x00000000c1500000, 0x00000000c1600000|  0%| F|  |TAMS 0x00000000c1500000, 0x00000000c1500000| Untracked 
|   6|0x00000000c1600000, 0x00000000c1600000, 0x00000000c1700000|  0%| F|  |TAMS 0x00000000c1600000, 0x00000000c1600000| Untracked 
|   7|0x00000000c1700000, 0x00000000c1700000, 0x00000000c1800000|  0%| F|  |TAMS 0x00000000c1700000, 0x00000000c1700000| Untracked 
|   8|0x00000000c1800000, 0x00000000c1800000, 0x00000000c1900000|  0%| F|  |TAMS 0x00000000c1800000, 0x00000000c1800000| Untracked 
|   9|0x00000000c1900000, 0x00000000c1900000, 0x00000000c1a00000|  0%| F|  |TAMS 0x00000000c1900000, 0x00000000c1900000| Untracked 
|  10|0x00000000c1a00000, 0x00000000c1a00000, 0x00000000c1b00000|  0%| F|  |TAMS 0x00000000c1a00000, 0x00000000c1a00000| Untracked 
|  11|0x00000000c1b00000, 0x00000000c1b00000, 0x00000000c1c00000|  0%| F|  |TAMS 0x00000000c1b00000, 0x00000000c1b00000| Untracked 
|  12|0x00000000c1c00000, 0x00000000c1c00000, 0x00000000c1d00000|  0%| F|  |TAMS 0x00000000c1c00000, 0x00000000c1c00000| Untracked 
|  13|0x00000000c1d00000, 0x00000000c1d00000, 0x00000000c1e00000|  0%| F|  |TAMS 0x00000000c1d00000, 0x00000000c1d00000| Untracked 
|  14|0x00000000c1e00000, 0x00000000c1e00000, 0x00000000c1f00000|  0%| F|  |TAMS 0x00000000c1e00000, 0x00000000c1e00000| Untracked 
|  15|0x00000000c1f00000, 0x00000000c1f00000, 0x00000000c2000000|  0%| F|  |TAMS 0x00000000c1f00000, 0x00000000c1f00000| Untracked 
|  16|0x00000000c2000000, 0x00000000c2000000, 0x00000000c2100000|  0%| F|  |TAMS 0x00000000c2000000, 0x00000000c2000000| Untracked 
|  17|0x00000000c2100000, 0x00000000c2100000, 0x00000000c2200000|  0%| F|  |TAMS 0x00000000c2100000, 0x00000000c2100000| Untracked 
|  18|0x00000000c2200000, 0x00000000c2200000, 0x00000000c2300000|  0%| F|  |TAMS 0x00000000c2200000, 0x00000000c2200000| Untracked 
|  19|0x00000000c2300000, 0x00000000c2300000, 0x00000000c2400000|  0%| F|  |TAMS 0x00000000c2300000, 0x00000000c2300000| Untracked 
|  20|0x00000000c2400000, 0x00000000c2400000, 0x00000000c2500000|  0%| F|  |TAMS 0x00000000c2400000, 0x00000000c2400000| Untracked 
|  21|0x00000000c2500000, 0x00000000c2500000, 0x00000000c2600000|  0%| F|  |TAMS 0x00000000c2500000, 0x00000000c2500000| Untracked 
|  22|0x00000000c2600000, 0x00000000c2600000, 0x00000000c2700000|  0%| F|  |TAMS 0x00000000c2600000, 0x00000000c2600000| Untracked 
|  23|0x00000000c2700000, 0x00000000c2700000, 0x00000000c2800000|  0%| F|  |TAMS 0x00000000c2700000, 0x00000000c2700000| Untracked 
|  24|0x00000000c2800000, 0x00000000c2800000, 0x00000000c2900000|  0%| F|  |TAMS 0x00000000c2800000, 0x00000000c2800000| Untracked 
|  25|0x00000000c2900000, 0x00000000c2900000, 0x00000000c2a00000|  0%| F|  |TAMS 0x00000000c2900000, 0x00000000c2900000| Untracked 
|  26|0x00000000c2a00000, 0x00000000c2a6c790, 0x00000000c2b00000| 42%| S|CS|TAMS 0x00000000c2a00000, 0x00000000c2a00000| Complete 
|  27|0x00000000c2b00000, 0x00000000c2c00000, 0x00000000c2c00000|100%| S|CS|TAMS 0x00000000c2b00000, 0x00000000c2b00000| Complete 
|  28|0x00000000c2c00000, 0x00000000c2d00000, 0x00000000c2d00000|100%| S|CS|TAMS 0x00000000c2c00000, 0x00000000c2c00000| Complete 
|  29|0x00000000c2d00000, 0x00000000c2e00000, 0x00000000c2e00000|100%| S|CS|TAMS 0x00000000c2d00000, 0x00000000c2d00000| Complete 
|  30|0x00000000c2e00000, 0x00000000c2f00000, 0x00000000c2f00000|100%| S|CS|TAMS 0x00000000c2e00000, 0x00000000c2e00000| Complete 
|  31|0x00000000c2f00000, 0x00000000c2f00000, 0x00000000c3000000|  0%| F|  |TAMS 0x00000000c2f00000, 0x00000000c2f00000| Untracked 
|  32|0x00000000c3000000, 0x00000000c3000000, 0x00000000c3100000|  0%| F|  |TAMS 0x00000000c3000000, 0x00000000c3000000| Untracked 
|  33|0x00000000c3100000, 0x00000000c3100000, 0x00000000c3200000|  0%| F|  |TAMS 0x00000000c3100000, 0x00000000c3100000| Untracked 
|  34|0x00000000c3200000, 0x00000000c3200000, 0x00000000c3300000|  0%| F|  |TAMS 0x00000000c3200000, 0x00000000c3200000| Untracked 
|  35|0x00000000c3300000, 0x00000000c3300000, 0x00000000c3400000|  0%| F|  |TAMS 0x00000000c3300000, 0x00000000c3300000| Untracked 
|  36|0x00000000c3400000, 0x00000000c3400000, 0x00000000c3500000|  0%| F|  |TAMS 0x00000000c3400000, 0x00000000c3400000| Untracked 
|  37|0x00000000c3500000, 0x00000000c3500000, 0x00000000c3600000|  0%| F|  |TAMS 0x00000000c3500000, 0x00000000c3500000| Untracked 
|  38|0x00000000c3600000, 0x00000000c3600000, 0x00000000c3700000|  0%| F|  |TAMS 0x00000000c3600000, 0x00000000c3600000| Untracked 
|  39|0x00000000c3700000, 0x00000000c3700000, 0x00000000c3800000|  0%| F|  |TAMS 0x00000000c3700000, 0x00000000c3700000| Untracked 
|  40|0x00000000c3800000, 0x00000000c3800000, 0x00000000c3900000|  0%| F|  |TAMS 0x00000000c3800000, 0x00000000c3800000| Untracked 
|  41|0x00000000c3900000, 0x00000000c3900000, 0x00000000c3a00000|  0%| F|  |TAMS 0x00000000c3900000, 0x00000000c3900000| Untracked 
|  42|0x00000000c3a00000, 0x00000000c3a00000, 0x00000000c3b00000|  0%| F|  |TAMS 0x00000000c3a00000, 0x00000000c3a00000| Untracked 
|  43|0x00000000c3b00000, 0x00000000c3b00000, 0x00000000c3c00000|  0%| F|  |TAMS 0x00000000c3b00000, 0x00000000c3b00000| Untracked 
|  44|0x00000000c3c00000, 0x00000000c3c00000, 0x00000000c3d00000|  0%| F|  |TAMS 0x00000000c3c00000, 0x00000000c3c00000| Untracked 
|  45|0x00000000c3d00000, 0x00000000c3d00000, 0x00000000c3e00000|  0%| F|  |TAMS 0x00000000c3d00000, 0x00000000c3d00000| Untracked 
|  46|0x00000000c3e00000, 0x00000000c3e00000, 0x00000000c3f00000|  0%| F|  |TAMS 0x00000000c3e00000, 0x00000000c3e00000| Untracked 
|  47|0x00000000c3f00000, 0x00000000c3f00000, 0x00000000c4000000|  0%| F|  |TAMS 0x00000000c3f00000, 0x00000000c3f00000| Untracked 
|  48|0x00000000c4000000, 0x00000000c4000000, 0x00000000c4100000|  0%| F|  |TAMS 0x00000000c4000000, 0x00000000c4000000| Untracked 
|  49|0x00000000c4100000, 0x00000000c4100000, 0x00000000c4200000|  0%| F|  |TAMS 0x00000000c4100000, 0x00000000c4100000| Untracked 
|  50|0x00000000c4200000, 0x00000000c4200000, 0x00000000c4300000|  0%| F|  |TAMS 0x00000000c4200000, 0x00000000c4200000| Untracked 
|  51|0x00000000c4300000, 0x00000000c4300000, 0x00000000c4400000|  0%| F|  |TAMS 0x00000000c4300000, 0x00000000c4300000| Untracked 
|  52|0x00000000c4400000, 0x00000000c4400000, 0x00000000c4500000|  0%| F|  |TAMS 0x00000000c4400000, 0x00000000c4400000| Untracked 
|  53|0x00000000c4500000, 0x00000000c4500000, 0x00000000c4600000|  0%| F|  |TAMS 0x00000000c4500000, 0x00000000c4500000| Untracked 
|  54|0x00000000c4600000, 0x00000000c4600000, 0x00000000c4700000|  0%| F|  |TAMS 0x00000000c4600000, 0x00000000c4600000| Untracked 
|  55|0x00000000c4700000, 0x00000000c4700000, 0x00000000c4800000|  0%| F|  |TAMS 0x00000000c4700000, 0x00000000c4700000| Untracked 
|  56|0x00000000c4800000, 0x00000000c4800000, 0x00000000c4900000|  0%| F|  |TAMS 0x00000000c4800000, 0x00000000c4800000| Untracked 
|  57|0x00000000c4900000, 0x00000000c4900000, 0x00000000c4a00000|  0%| F|  |TAMS 0x00000000c4900000, 0x00000000c4900000| Untracked 
|  58|0x00000000c4a00000, 0x00000000c4a00000, 0x00000000c4b00000|  0%| F|  |TAMS 0x00000000c4a00000, 0x00000000c4a00000| Untracked 
|  59|0x00000000c4b00000, 0x00000000c4b00000, 0x00000000c4c00000|  0%| F|  |TAMS 0x00000000c4b00000, 0x00000000c4b00000| Untracked 
|  60|0x00000000c4c00000, 0x00000000c4c00000, 0x00000000c4d00000|  0%| F|  |TAMS 0x00000000c4c00000, 0x00000000c4c00000| Untracked 
|  61|0x00000000c4d00000, 0x00000000c4d00000, 0x00000000c4e00000|  0%| F|  |TAMS 0x00000000c4d00000, 0x00000000c4d00000| Untracked 
|  62|0x00000000c4e00000, 0x00000000c4e00000, 0x00000000c4f00000|  0%| F|  |TAMS 0x00000000c4e00000, 0x00000000c4e00000| Untracked 
|  63|0x00000000c4f00000, 0x00000000c4f00000, 0x00000000c5000000|  0%| F|  |TAMS 0x00000000c4f00000, 0x00000000c4f00000| Untracked 

Card table byte_map: [0x000001cbddd90000,0x000001cbddf90000] _byte_map_base: 0x000001cbdd788000

Marking Bits (Prev, Next): (CMBitMap*) 0x000001cbc6413408, (CMBitMap*) 0x000001cbc6413448
 Prev Bits: [0x000001cbde190000, 0x000001cbdf150000)
 Next Bits: [0x000001cbdf150000, 0x000001cbe0110000)

Polling page: 0x000001cbc4260000

Metaspace:

Usage:
  Non-class:     15.96 MB capacity,    15.78 MB ( 99%) used,   154.79 KB ( <1%) free+waste,    30.75 KB ( <1%) overhead. 
      Class:      2.47 MB capacity,     2.34 MB ( 95%) used,   116.48 KB (  5%) free+waste,    15.38 KB ( <1%) overhead. 
       Both:     18.44 MB capacity,    18.13 MB ( 98%) used,   271.27 KB (  1%) free+waste,    46.13 KB ( <1%) overhead. 

Virtual space:
  Non-class space:       28.00 MB reserved,      16.00 MB ( 57%) committed 
      Class space:        1.00 GB reserved,       2.50 MB ( <1%) committed 
             Both:        1.03 GB reserved,      18.50 MB (  2%) committed 

Chunk freelists:
   Non-Class:  37.00 KB
       Class:  28.00 KB
        Both:  65.00 KB

MaxMetaspaceSize: 17179869184.00 GB
CompressedClassSpaceSize: 1.00 GB

CodeHeap 'non-profiled nmethods': size=120000Kb used=706Kb max_used=706Kb free=119293Kb
 bounds [0x000001cbd6660000, 0x000001cbd68d0000, 0x000001cbddb90000]
CodeHeap 'profiled nmethods': size=120000Kb used=3273Kb max_used=3273Kb free=116726Kb
 bounds [0x000001cbcf130000, 0x000001cbcf470000, 0x000001cbd6660000]
CodeHeap 'non-nmethods': size=5760Kb used=1264Kb max_used=1280Kb free=4495Kb
 bounds [0x000001cbceb90000, 0x000001cbcee00000, 0x000001cbcf130000]
 total_blobs=2899 nmethods=1685 adapters=459
 compilation: enabled
              stopped_count=0, restarted_count=0
 full_count=0

Compilation events (20 events):
Event: 1.785 Thread 0x000001cbe25b1000 nmethod 1663 0x000001cbcf44da90 code [0x000001cbcf44dc20, 0x000001cbcf44ddf8]
Event: 1.785 Thread 0x000001cbe25b1000 1664       3       sun.reflect.generics.visitor.Reifier::getResult (26 bytes)
Event: 1.785 Thread 0x000001cbe25b1000 nmethod 1664 0x000001cbcf44de90 code [0x000001cbcf44e020, 0x000001cbcf44e158]
Event: 1.785 Thread 0x000001cbe25b1000 1665       3       jdk.internal.org.objectweb.asm.Frame::setInputFrameFromDescriptor (175 bytes)
Event: 1.786 Thread 0x000001cbe25b1000 nmethod 1665 0x000001cbcf44e210 code [0x000001cbcf44e420, 0x000001cbcf44ec38]
Event: 1.786 Thread 0x000001cbe25b1000 1667       3       jdk.internal.org.objectweb.asm.MethodWriter::computeAllFrames (510 bytes)
Event: 1.788 Thread 0x000001cbe25b1000 nmethod 1667 0x000001cbcf44f010 code [0x000001cbcf44f360, 0x000001cbcf4507e8]
Event: 1.788 Thread 0x000001cbe25b1000 1666       3       jdk.internal.org.objectweb.asm.SymbolTable::getType (7 bytes)
Event: 1.789 Thread 0x000001cbe25b1000 nmethod 1666 0x000001cbcf451310 code [0x000001cbcf4514a0, 0x000001cbcf4515f8]
Event: 1.789 Thread 0x000001cbe25b1000 1669       3       java.lang.reflect.ProxyGenerator$ProxyMethod::emitIconstInsn (75 bytes)
Event: 1.789 Thread 0x000001cbe25b1000 nmethod 1669 0x000001cbcf451710 code [0x000001cbcf451940, 0x000001cbcf452218]
Event: 1.789 Thread 0x000001cbe25b1000 1670       3       jdk.internal.org.objectweb.asm.Frame::putAbstractType (379 bytes)
Event: 1.792 Thread 0x000001cbe25b1000 nmethod 1670 0x000001cbcf452490 code [0x000001cbcf4528e0, 0x000001cbcf454298]
Event: 1.792 Thread 0x000001cbe25b1000 1671       3       sun.reflect.generics.scope.ClassScope::make (9 bytes)
Event: 1.792 Thread 0x000001cbe25b1000 nmethod 1671 0x000001cbcf454d90 code [0x000001cbcf454f40, 0x000001cbcf4551f8]
Event: 1.793 Thread 0x000001cbe25b1000 1672       3       java.util.LinkedHashMap::<init> (10 bytes)
Event: 1.793 Thread 0x000001cbe25b1000 nmethod 1672 0x000001cbcf455310 code [0x000001cbcf4554c0, 0x000001cbcf4556f8]
Event: 1.794 Thread 0x000001cbe25b1000 1673       3       sun.reflect.generics.parser.SignatureParser::parseTypeSig (10 bytes)
Event: 1.794 Thread 0x000001cbe25b1000 nmethod 1673 0x000001cbcf455810 code [0x000001cbcf4559c0, 0x000001cbcf455bc8]
Event: 1.795 Thread 0x000001cbe25b1000 1675       3       jdk.internal.org.objectweb.asm.MethodWriter::visitLdcInsn (215 bytes)

GC Heap History (6 events):
Event: 0.489 GC heap before
{Heap before GC invocations=0 (full 0):
 garbage-first heap   total 65536K, used 12288K [0x00000000c1000000, 0x0000000100000000)
  region size 1024K, 13 young (13312K), 0 survivors (0K)
 Metaspace       used 3613K, capacity 5426K, committed 5760K, reserved 1056768K
  class space    used 391K, capacity 560K, committed 640K, reserved 1048576K
}
Event: 0.498 GC heap after
{Heap after GC invocations=1 (full 0):
 garbage-first heap   total 65536K, used 4781K [0x00000000c1000000, 0x0000000100000000)
  region size 1024K, 2 young (2048K), 2 survivors (2048K)
 Metaspace       used 3613K, capacity 5426K, committed 5760K, reserved 1056768K
  class space    used 391K, capacity 560K, committed 640K, reserved 1048576K
}
Event: 0.504 GC heap before
{Heap before GC invocations=1 (full 0):
 garbage-first heap   total 65536K, used 17069K [0x00000000c1000000, 0x0000000100000000)
  region size 1024K, 15 young (15360K), 2 survivors (2048K)
 Metaspace       used 3617K, capacity 5426K, committed 5760K, reserved 1056768K
  class space    used 391K, capacity 560K, committed 640K, reserved 1048576K
}
Event: 0.507 GC heap after
{Heap after GC invocations=2 (full 0):
 garbage-first heap   total 65536K, used 4568K [0x00000000c1000000, 0x0000000100000000)
  region size 1024K, 1 young (1024K), 1 survivors (1024K)
 Metaspace       used 3617K, capacity 5426K, committed 5760K, reserved 1056768K
  class space    used 391K, capacity 560K, committed 640K, reserved 1048576K
}
Event: 0.827 GC heap before
{Heap before GC invocations=2 (full 0):
 garbage-first heap   total 65536K, used 26072K [0x00000000c1000000, 0x0000000100000000)
  region size 1024K, 23 young (23552K), 1 survivors (1024K)
 Metaspace       used 7022K, capacity 7987K, committed 8192K, reserved 1056768K
  class space    used 830K, capacity 947K, committed 1024K, reserved 1048576K
}
Event: 0.830 GC heap after
{Heap after GC invocations=3 (full 0):
 garbage-first heap   total 65536K, used 5606K [0x00000000c1000000, 0x0000000100000000)
  region size 1024K, 2 young (2048K), 2 survivors (2048K)
 Metaspace       used 7022K, capacity 7987K, committed 8192K, reserved 1056768K
  class space    used 830K, capacity 947K, committed 1024K, reserved 1048576K
}

Deoptimization events (20 events):
Event: 1.448 Thread 0x000001cbc63e2800 Uncommon trap: trap_request=0xffffffde fr.pc=0x000001cbd66e5f10 relative=0x0000000000000b70
Event: 1.448 Thread 0x000001cbc63e2800 Uncommon trap: reason=class_check action=maybe_recompile pc=0x000001cbd66e5f10 method=java.util.HashMap.putVal(ILjava/lang/Object;Ljava/lang/Object;ZZ)Ljava/lang/Object; @ 203 c2
Event: 1.448 Thread 0x000001cbc63e2800 DEOPT PACKING pc=0x000001cbd66e5f10 sp=0x000000c4c6cfa790
Event: 1.448 Thread 0x000001cbc63e2800 DEOPT UNPACKING pc=0x000001cbcebd912f sp=0x000000c4c6cfa730 mode 2
Event: 1.449 Thread 0x000001cbc63e2800 Uncommon trap: trap_request=0xffffffde fr.pc=0x000001cbd66e5f10 relative=0x0000000000000b70
Event: 1.449 Thread 0x000001cbc63e2800 Uncommon trap: reason=class_check action=maybe_recompile pc=0x000001cbd66e5f10 method=java.util.HashMap.putVal(ILjava/lang/Object;Ljava/lang/Object;ZZ)Ljava/lang/Object; @ 203 c2
Event: 1.449 Thread 0x000001cbc63e2800 DEOPT PACKING pc=0x000001cbd66e5f10 sp=0x000000c4c6cfa790
Event: 1.449 Thread 0x000001cbc63e2800 DEOPT UNPACKING pc=0x000001cbcebd912f sp=0x000000c4c6cfa730 mode 2
Event: 1.452 Thread 0x000001cbc63e2800 Uncommon trap: trap_request=0xffffffde fr.pc=0x000001cbd66e5f10 relative=0x0000000000000b70
Event: 1.452 Thread 0x000001cbc63e2800 Uncommon trap: reason=class_check action=maybe_recompile pc=0x000001cbd66e5f10 method=java.util.HashMap.putVal(ILjava/lang/Object;Ljava/lang/Object;ZZ)Ljava/lang/Object; @ 203 c2
Event: 1.452 Thread 0x000001cbc63e2800 DEOPT PACKING pc=0x000001cbd66e5f10 sp=0x000000c4c6cfa790
Event: 1.452 Thread 0x000001cbc63e2800 DEOPT UNPACKING pc=0x000001cbcebd912f sp=0x000000c4c6cfa730 mode 2
Event: 1.560 Thread 0x000001cbc63e2800 Uncommon trap: trap_request=0xffffffc6 fr.pc=0x000001cbd66f8b10 relative=0x0000000000000c70
Event: 1.560 Thread 0x000001cbc63e2800 Uncommon trap: reason=bimorphic_or_optimized_type_check action=maybe_recompile pc=0x000001cbd66f8b10 method=java.util.HashMap.putVal(ILjava/lang/Object;Ljava/lang/Object;ZZ)Ljava/lang/Object; @ 91 c2
Event: 1.560 Thread 0x000001cbc63e2800 DEOPT PACKING pc=0x000001cbd66f8b10 sp=0x000000c4c6cfcac0
Event: 1.560 Thread 0x000001cbc63e2800 DEOPT UNPACKING pc=0x000001cbcebd912f sp=0x000000c4c6cfca60 mode 2
Event: 1.560 Thread 0x000001cbc63e2800 Uncommon trap: trap_request=0xffffffc6 fr.pc=0x000001cbd66f8b10 relative=0x0000000000000c70
Event: 1.560 Thread 0x000001cbc63e2800 Uncommon trap: reason=bimorphic_or_optimized_type_check action=maybe_recompile pc=0x000001cbd66f8b10 method=java.util.HashMap.putVal(ILjava/lang/Object;Ljava/lang/Object;ZZ)Ljava/lang/Object; @ 91 c2
Event: 1.560 Thread 0x000001cbc63e2800 DEOPT PACKING pc=0x000001cbd66f8b10 sp=0x000000c4c6cfcac0
Event: 1.560 Thread 0x000001cbc63e2800 DEOPT UNPACKING pc=0x000001cbcebd912f sp=0x000000c4c6cfca60 mode 2

Classes unloaded (0 events):
No events

Classes redefined (0 events):
No events

Internal exceptions (11 events):
Event: 0.200 Thread 0x000001cbc63e2800 Exception <a 'java/lang/NoSuchMethodError'{0x00000000c4bbd8b0}: 'java.lang.Object java.lang.invoke.DirectMethodHandle$Holder.invokeVirtual(java.lang.Object, java.lang.Object, java.lang.Object, java.lang.Object)'> (0x00000000c4bbd8b0) 
thrown [./open/src/hotspot/share/interpreter/linkResolver.cpp, line 766]
Event: 0.308 Thread 0x000001cbc63e2800 Exception <a 'java/lang/IncompatibleClassChangeError'{0x00000000c480f4b8}: Found class java.lang.Object, but interface was expected> (0x00000000c480f4b8) 
thrown [./open/src/hotspot/share/interpreter/linkResolver.cpp, line 832]
Event: 0.462 Thread 0x000001cbc63e2800 Exception <a 'java/lang/NoSuchMethodError'{0x00000000c46544c8}: 'int java.lang.invoke.DirectMethodHandle$Holder.invokeSpecialIFC(java.lang.Object, java.lang.Object, int)'> (0x00000000c46544c8) 
thrown [./open/src/hotspot/share/interpreter/linkResolver.cpp, line 766]
Event: 0.555 Thread 0x000001cbc63e2800 Exception <a 'java/lang/NoSuchMethodError'{0x00000000c43cebf8}: 'void java.lang.invoke.DelegatingMethodHandle$Holder.delegate(java.lang.Object, java.lang.Object, int, java.lang.Object)'> (0x00000000c43cebf8) 
thrown [./open/src/hotspot/share/interpreter/linkResolver.cpp, line 766]
Event: 0.556 Thread 0x000001cbc63e2800 Exception <a 'java/lang/NoSuchMethodError'{0x00000000c43d5a88}: 'java.lang.Object java.lang.invoke.DirectMethodHandle$Holder.invokeStaticInit(java.lang.Object, java.lang.Object, java.lang.Object)'> (0x00000000c43d5a88) 
thrown [./open/src/hotspot/share/interpreter/linkResolver.cpp, line 766]
Event: 0.835 Thread 0x000001cbc63e2800 Exception <a 'java/lang/NullPointerException'{0x00000000c4f333e8}> (0x00000000c4f333e8) 
thrown [./open/src/hotspot/share/interpreter/linkResolver.cpp, line 1431]
Event: 1.080 Thread 0x000001cbc63e2800 Exception <a 'java/lang/ClassNotFoundException'{0x00000000c483bf50}: com/sun/org/apache/xerces/internal/impl/xpath/regex/spi/messageProvider> (0x00000000c483bf50) 
thrown [./open/src/hotspot/share/classfile/systemDictionary.cpp, line 226]
Event: 1.297 Thread 0x000001cbc63e2800 Exception <a 'java/lang/NoSuchMethodError'{0x00000000c416e570}: 'void java.lang.invoke.DirectMethodHandle$Holder.invokeSpecial(java.lang.Object, java.lang.Object, java.lang.Object, java.lang.Object)'> (0x00000000c416e570) 
thrown [./open/src/hotspot/share/interpreter/linkResolver.cpp, line 766]
Event: 1.299 Thread 0x000001cbc63e2800 Exception <a 'java/lang/NoSuchMethodError'{0x00000000c4174ef8}: 'java.lang.Object java.lang.invoke.DirectMethodHandle$Holder.invokeVirtual(java.lang.Object, java.lang.Object, java.lang.Object)'> (0x00000000c4174ef8) 
thrown [./open/src/hotspot/share/interpreter/linkResolver.cpp, line 766]
Event: 1.621 Thread 0x000001cbc63e2800 Exception <a 'java/lang/NoSuchMethodError'{0x00000000c35e79a0}: 'java.lang.Object java.lang.invoke.DirectMethodHandle$Holder.invokeStaticInit(java.lang.Object, int, int, int, int)'> (0x00000000c35e79a0) 
thrown [./open/src/hotspot/share/interpreter/linkResolver.cpp, line 766]
Event: 1.663 Thread 0x000001cbc63e2800 Exception <a 'java/lang/NoSuchMethodError'{0x00000000c3425f40}: 'java.lang.Object java.lang.invoke.DirectMethodHandle$Holder.invokeStaticInit(java.lang.Object, java.lang.Object, int, int, int, int)'> (0x00000000c3425f40) 
thrown [./open/src/hotspot/share/interpreter/linkResolver.cpp, line 766]

Events (20 events):
Event: 1.643 loading class java/nio/file/Files$AcceptAllFilter
Event: 1.643 loading class java/nio/file/DirectoryStream$Filter
Event: 1.643 loading class java/nio/file/DirectoryStream$Filter done
Event: 1.643 loading class java/nio/file/Files$AcceptAllFilter done
Event: 1.643 loading class sun/nio/fs/WindowsDirectoryStream
Event: 1.643 loading class java/nio/file/DirectoryStream
Event: 1.643 loading class java/nio/file/DirectoryStream done
Event: 1.643 loading class sun/nio/fs/WindowsDirectoryStream done
Event: 1.643 loading class sun/nio/fs/WindowsDirectoryStream$WindowsDirectoryIterator
Event: 1.643 loading class sun/nio/fs/WindowsDirectoryStream$WindowsDirectoryIterator done
Event: 1.644 loading class sun/nio/fs/WindowsPath$WindowsPathWithAttributes
Event: 1.644 loading class sun/nio/fs/BasicFileAttributesHolder
Event: 1.644 loading class sun/nio/fs/BasicFileAttributesHolder done
Event: 1.644 loading class sun/nio/fs/WindowsPath$WindowsPathWithAttributes done
Event: 1.644 Executing VM operation: HandshakeAllThreads
Event: 1.644 Executing VM operation: HandshakeAllThreads done
Event: 1.665 loading class sun/security/provider/AbstractDrbg$NonceProvider
Event: 1.665 loading class sun/security/provider/AbstractDrbg$NonceProvider done
Event: 1.763 Executing VM operation: CollectForMetadataAllocation
Event: 1.763 Executing VM operation: CollectForMetadataAllocation done


Dynamic libraries:
0x00007ff65cfb0000 - 0x00007ff65cfbf000 	C:\Program Files (x86)\Java\jdk-14.0.1\bin\java.exe
0x00007ff9007f0000 - 0x00007ff9009e5000 	C:\WINDOWS\SYSTEM32\ntdll.dll
0x00007ff8ff020000 - 0x00007ff8ff0de000 	C:\WINDOWS\System32\KERNEL32.DLL
0x00007ff8fe150000 - 0x00007ff8fe419000 	C:\WINDOWS\System32\KERNELBASE.dll
0x00007ff8fdfc0000 - 0x00007ff8fe0c0000 	C:\WINDOWS\System32\ucrtbase.dll
0x00007ff8f8890000 - 0x00007ff8f88a5000 	C:\Program Files (x86)\Java\jdk-14.0.1\bin\VCRUNTIME140.dll
0x00007ff8f7730000 - 0x00007ff8f7748000 	C:\Program Files (x86)\Java\jdk-14.0.1\bin\jli.dll
0x00007ff9005c0000 - 0x00007ff90066c000 	C:\WINDOWS\System32\ADVAPI32.dll
0x00007ff8ff540000 - 0x00007ff8ff5de000 	C:\WINDOWS\System32\msvcrt.dll
0x00007ff8ff8e0000 - 0x00007ff8ff97b000 	C:\WINDOWS\System32\sechost.dll
0x00007ff8fe840000 - 0x00007ff8fe96a000 	C:\WINDOWS\System32\RPCRT4.dll
0x00007ff8fee70000 - 0x00007ff8ff011000 	C:\WINDOWS\System32\USER32.dll
0x00007ff8e6a90000 - 0x00007ff8e6d2a000 	C:\WINDOWS\WinSxS\amd64_microsoft.windows.common-controls_6595b64144ccf1df_6.0.19041.1110_none_60b5254171f9507e\COMCTL32.dll
0x00007ff8fe5a0000 - 0x00007ff8fe5c2000 	C:\WINDOWS\System32\win32u.dll
0x00007ff8ff710000 - 0x00007ff8ff73b000 	C:\WINDOWS\System32\GDI32.dll
0x00007ff8fe730000 - 0x00007ff8fe83b000 	C:\WINDOWS\System32\gdi32full.dll
0x00007ff8fe420000 - 0x00007ff8fe4bd000 	C:\WINDOWS\System32\msvcp_win.dll
0x00007ff8f0ea0000 - 0x00007ff8f0eaa000 	C:\WINDOWS\SYSTEM32\VERSION.dll
0x00007ff8ff360000 - 0x00007ff8ff390000 	C:\WINDOWS\System32\IMM32.DLL
0x00007ff8d6980000 - 0x00007ff8d6a1b000 	C:\Program Files (x86)\Java\jdk-14.0.1\bin\msvcp140.dll
0x00007ff8c19e0000 - 0x00007ff8c24fe000 	C:\Program Files (x86)\Java\jdk-14.0.1\bin\server\jvm.dll
0x00007ff8ff1c0000 - 0x00007ff8ff1c8000 	C:\WINDOWS\System32\PSAPI.DLL
0x00007ff8f61d0000 - 0x00007ff8f61f7000 	C:\WINDOWS\SYSTEM32\WINMM.dll
0x00007ff8f0240000 - 0x00007ff8f0249000 	C:\WINDOWS\SYSTEM32\WSOCK32.dll
0x00007ff8ffe00000 - 0x00007ff8ffe6b000 	C:\WINDOWS\System32\WS2_32.dll
0x00007ff8fbe10000 - 0x00007ff8fbe22000 	C:\WINDOWS\SYSTEM32\kernel.appcore.dll
0x00007ff8fb240000 - 0x00007ff8fb24a000 	C:\Program Files (x86)\Java\jdk-14.0.1\bin\jimage.dll
0x00007ff8ece10000 - 0x00007ff8ecff4000 	C:\WINDOWS\SYSTEM32\DBGHELP.DLL
0x00007ff8ec7e0000 - 0x00007ff8ec80c000 	C:\WINDOWS\SYSTEM32\dbgcore.DLL
0x00007ff8fe0c0000 - 0x00007ff8fe143000 	C:\WINDOWS\System32\bcryptPrimitives.dll
0x00007ff8e3650000 - 0x00007ff8e3675000 	C:\Program Files (x86)\Java\jdk-14.0.1\bin\java.dll
0x00007ff8e99d0000 - 0x00007ff8e99e6000 	C:\Program Files (x86)\Java\jdk-14.0.1\bin\zip.dll
0x00007ff8ffe70000 - 0x00007ff9005af000 	C:\WINDOWS\System32\SHELL32.dll
0x00007ff8fc010000 - 0x00007ff8fc7a0000 	C:\WINDOWS\SYSTEM32\windows.storage.dll
0x00007ff8fe970000 - 0x00007ff8fecc5000 	C:\WINDOWS\System32\combase.dll
0x00007ff8fd890000 - 0x00007ff8fd8bc000 	C:\WINDOWS\SYSTEM32\Wldp.dll
0x00007ff8fedc0000 - 0x00007ff8fee6e000 	C:\WINDOWS\System32\SHCORE.dll
0x00007ff8ff860000 - 0x00007ff8ff8b5000 	C:\WINDOWS\System32\shlwapi.dll
0x00007ff8fde50000 - 0x00007ff8fde6f000 	C:\WINDOWS\SYSTEM32\profapi.dll
0x00007ff8e3ee0000 - 0x00007ff8e3ef9000 	C:\Program Files (x86)\Java\jdk-14.0.1\bin\net.dll
0x00007ff8f5070000 - 0x00007ff8f5178000 	C:\WINDOWS\SYSTEM32\WINHTTP.dll
0x00007ff8fd5f0000 - 0x00007ff8fd65a000 	C:\WINDOWS\system32\mswsock.dll
0x00007ff8e3710000 - 0x00007ff8e3722000 	C:\Program Files (x86)\Java\jdk-14.0.1\bin\nio.dll
0x00007ff8f8990000 - 0x00007ff8f89a0000 	C:\Program Files (x86)\Java\jdk-14.0.1\bin\verify.dll
0x00007ff8f87b0000 - 0x00007ff8f87c7000 	C:\WINDOWS\system32\napinsp.dll
0x00007ff8f8790000 - 0x00007ff8f87ab000 	C:\WINDOWS\system32\pnrpnsp.dll
0x00007ff8f8770000 - 0x00007ff8f8785000 	C:\WINDOWS\system32\wshbth.dll
0x00007ff8f9af0000 - 0x00007ff8f9b0d000 	C:\WINDOWS\system32\NLAapi.dll
0x00007ff8fd2e0000 - 0x00007ff8fd31b000 	C:\WINDOWS\SYSTEM32\IPHLPAPI.DLL
0x00007ff8fd320000 - 0x00007ff8fd3ec000 	C:\WINDOWS\SYSTEM32\DNSAPI.dll
0x00007ff8ff1d0000 - 0x00007ff8ff1d8000 	C:\WINDOWS\System32\NSI.dll
0x00007ff8f6bb0000 - 0x00007ff8f6bc2000 	C:\WINDOWS\System32\winrnr.dll
0x00007ff8f75d0000 - 0x00007ff8f75da000 	C:\Windows\System32\rasadhlp.dll
0x00007ff8f4ff0000 - 0x00007ff8f506f000 	C:\WINDOWS\System32\fwpuclnt.dll
0x00007ff8fe570000 - 0x00007ff8fe597000 	C:\WINDOWS\System32\bcrypt.dll
0x00007ff8d8a90000 - 0x00007ff8d8ab5000 	C:\Program Files (x86)\Java\jdk-14.0.1\bin\sunec.dll
0x00007ff8f76c0000 - 0x00007ff8f76ce000 	C:\Program Files (x86)\Java\jdk-14.0.1\bin\sunmscapi.dll
0x00007ff8fe5d0000 - 0x00007ff8fe726000 	C:\WINDOWS\System32\CRYPT32.dll
0x00007ff8fd900000 - 0x00007ff8fd927000 	C:\WINDOWS\SYSTEM32\ncrypt.dll
0x00007ff8fd8c0000 - 0x00007ff8fd8fb000 	C:\WINDOWS\SYSTEM32\NTASN1.dll
0x00007ff8fd7e0000 - 0x00007ff8fd7f8000 	C:\WINDOWS\SYSTEM32\CRYPTSP.dll
0x00007ff8fcf70000 - 0x00007ff8fcfa4000 	C:\WINDOWS\system32\rsaenh.dll
0x00007ff8fddd0000 - 0x00007ff8fddfe000 	C:\WINDOWS\SYSTEM32\USERENV.dll
0x00007ff8fd800000 - 0x00007ff8fd80c000 	C:\WINDOWS\SYSTEM32\CRYPTBASE.dll
0x00007ff8f6b30000 - 0x00007ff8f6b47000 	C:\WINDOWS\SYSTEM32\dhcpcsvc6.DLL
0x00007ff8f6f20000 - 0x00007ff8f6f3d000 	C:\WINDOWS\SYSTEM32\dhcpcsvc.DLL

dbghelp: loaded successfully - version: 4.0.5 - missing functions: none
symbol engine: initialized successfully - sym options: 0x614 - pdb path: .;C:\Program Files (x86)\Java\jdk-14.0.1\bin;C:\WINDOWS\SYSTEM32;C:\WINDOWS\WinSxS\amd64_microsoft.windows.common-controls_6595b64144ccf1df_6.0.19041.1110_none_60b5254171f9507e;C:\Program Files (x86)\Java\jdk-14.0.1\bin\server

VM Arguments:
jvm_args: -ea 
java_command: org.apache.tools.ant.taskdefs.optional.junit.JUnitTestRunner dao.TournamentDAOTest skipNonTests=false filtertrace=true haltOnError=false haltOnFailure=false showoutput=true outputtoformatters=true logfailedtests=true threadid=0 logtestlistenerevents=true formatter=org.apache.tools.ant.taskdefs.optional.junit.BriefJUnitResultFormatter formatter=org.apache.tools.ant.taskdefs.optional.junit.XMLJUnitResultFormatter,C:\Users\Administrator\Documents\NetBeansProjects\LTM.minesweepergame\build\test\results\TEST-dao.TournamentDAOTest.xml crashfile=C:\Users\Administrator\Documents\NetBeansProjects\LTM.minesweepergame\build\junitvmwatcher13471150101655174371.properties propsfile=C:\Users\Administrator\Documents\NetBeansProjects\LTM.minesweepergame\build\junit11422868405643795951.properties
java_class_path (initial): D:\Programs\MySQL Connector J 8.0\mysql-connector-java-8.0.23.jar;E:\Downloads\hibernate-search-5.8.0.Final\dist\hibernate-search-engine-5.8.0.Final.jar;E:\Downloads\hibernate-search-5.8.0.Final\dist\hibernate-search-orm-5.8.0.Final.jar;E:\Downloads\hibernate-search-5.8.0.Final\dist\lib\required\antlr-2.7.7.jar;E:\Downloads\hibernate-search-5.8.0.Final\dist\lib\required\classmate-1.3.0.jar;E:\Downloads\hibernate-search-5.8.0.Final\dist\lib\required\dom4j-1.6.1.jar;E:\Downloads\hibernate-search-5.8.0.Final\dist\lib\required\hibernate-commons-annotations-5.0.1.Final.jar;E:\Downloads\hibernate-search-5.8.0.Final\dist\lib\required\hibernate-core-5.2.11.Final.jar;E:\Downloads\hibernate-search-5.8.0.Final\dist\lib\required\javassist-3.20.0-GA.jar;E:\Downloads\hibernate-search-5.8.0.Final\dist\lib\required\jboss-logging-3.3.0.Final.jar;E:\Downloads\hibernate-search-5.8.0.Final\dist\lib\required\lucene-core-5.5.4.jar;E:\Downloads\hibernate-search-5.8.0.Final\dist\lib\required\lucene-queryparser-5.5.4.jar;E:\Downloads\hibernate-search-5.8.0.Final\dist\lib\required\xml-apis-1.3.03.jar;E:\Downloads\hibernate-search-5.8.0.Final\dist\lib\provided\hibernate-jpa-2.1-api-1.0.0.Final.jar;E:\Downloads\hibernate-search-5.8.0.Final\dist\lib\provided\jboss-annotations-api_1.2_spec-1.0.0.Final.jar;E:\Downloads\hibernate-search-5.8.0.Final\dist\lib\provided\jboss-jms-api_2.0_spec-1.0.0.Final.jar;E:\Downloads\hibernate-search-5.8.0.Final\dist\lib\provided\jboss-transaction-api_1.2_spec-1.0.0.Final.jar;C:\Program Files\NetBeans-12.0\netbeans\ide\modules\ext\jaxb\jaxb-impl.jar;C:\Program Files\NetBeans-12.0\netbeans\ide\modules\ext\jaxb\jaxb-xjc.jar;C:\Program Files\NetBeans-12.0\netbeans\ide\modules\ext\jaxb\jaxb1-impl.jar;C:\Program Files\NetBeans-12.0\netbeans\ide\modules\ext\jaxb\activation.jar;C:\Program Files\NetBeans-12.0\netbeans\ide\modules\ext\jaxb\api\jaxb-api.jar;C:\Users\Administrator\Documents\NetBeansProjects\LTM.minesweepergame\build\classes;C:\Pr
Launcher Type: SUN_STANDARD

[Global flags]
     intx CICompilerCount                          = 3                                         {product} {ergonomic}
     uint ConcGCThreads                            = 1                                         {product} {ergonomic}
     uint G1ConcRefinementThreads                  = 4                                         {product} {ergonomic}
   size_t G1HeapRegionSize                         = 1048576                                   {product} {ergonomic}
    uintx GCDrainStackTargetSize                   = 64                                        {product} {ergonomic}
   size_t InitialHeapSize                          = 67108864                                  {product} {ergonomic}
   size_t MarkStackSize                            = 4194304                                   {product} {ergonomic}
   size_t MaxHeapSize                              = 1056964608                                {product} {ergonomic}
   size_t MaxNewSize                               = 633339904                                 {product} {ergonomic}
   size_t MinHeapDeltaBytes                        = 1048576                                   {product} {ergonomic}
   size_t MinHeapSize                              = 8388608                                   {product} {ergonomic}
    uintx NonNMethodCodeHeapSize                   = 5832780                                {pd product} {ergonomic}
    uintx NonProfiledCodeHeapSize                  = 122912730                              {pd product} {ergonomic}
    uintx ProfiledCodeHeapSize                     = 122912730                              {pd product} {ergonomic}
    uintx ReservedCodeCacheSize                    = 251658240                              {pd product} {ergonomic}
     bool SegmentedCodeCache                       = true                                      {product} {ergonomic}
   size_t SoftMaxHeapSize                          = 1056964608                             {manageable} {ergonomic}
     bool UseCompressedClassPointers               = true                                 {lp64_product} {ergonomic}
     bool UseCompressedOops                        = true                                 {lp64_product} {ergonomic}
     bool UseG1GC                                  = true                                      {product} {ergonomic}
     bool UseLargePagesIndividualAllocation        = false                                  {pd product} {ergonomic}

Logging:
Log output configuration:
 #0: stdout all=warning uptime,level,tags
 #1: stderr all=off uptime,level,tags

Environment Variables:
JAVA_HOME=C:\Program Files (x86)\Java\jdk-14.0.1
PATH=C:\Users\Administrator\AppData\Local\Programs\Python\Python36\Scripts;C:\Users\Administrator\AppData\Local\Programs\Python\Python36;D:\Programs\jdk7\\bin;C:\Program Files (x86)\Common Files\Oracle\Java\javapath;C:\Program Files\Common Files\Oracle\Java\javapath;C:\WINDOWS\system32;C:\WINDOWS;C:\WINDOWS\System32\Wbem;C:\WINDOWS\System32\WindowsPowerShell\v1.0\;C:\Program Files (x86)\MySQL\MySQL Server 8.0.17;C:\WINDOWS\System32\OpenSSH\;D:\Mai\dev\opencv\build\x64\vc15\bin;D:\Mai\XAMPP\php;D:\Users\Administrator\Program Files\Python3;D:\Mai\composer;D:\Program Files (x86)\xampp\php;C:\Program Files\Azure Data Studio\bin;E:\Downloads\crc-windows-1.26.0-amd64;D:\Programs\nodejs\;D:\Programs\jdk7\bin;C:\Users\Administrator\AppData\Local\Programs\Microsoft VS Code\bin
USERNAME=Administrator
OS=Windows_NT
PROCESSOR_IDENTIFIER=Intel64 Family 6 Model 42 Stepping 7, GenuineIntel



---------------  S Y S T E M  ---------------

OS: Windows 10 , 64 bit Build 19041 (10.0.19041.1202)
OS uptime: 2 days 1:51 hours

CPU:total 4 (initial active 4) (2 cores per cpu, 2 threads per core) family 6 model 42 stepping 7, cmov, cx8, fxsr, mmx, sse, sse2, sse3, ssse3, sse4.1, sse4.2, popcnt, avx, aes, clmul, ht, tsc, tscinvbit

Memory: 4k page, system-wide physical 4030M (425M free)
TotalPageFile size 6078M (AvailPageFile size 4M)
current process WorkingSet (physical memory assigned to process): 123M, peak: 123M
current process commit charge ("private bytes"): 179M, peak: 180M

vm_info: Java HotSpot(TM) 64-Bit Server VM (14.0.1+7) for windows-amd64 JRE (14.0.1+7), built on Mar  5 2020 10:30:14 by "mach5one" with MS VC++ 15.9 (VS2017)

END.
